
--- Dia 1 ---
Dia 1: Posto b9 alocado ao Foco f3 por 2.00h (dist: 1.00h).
Dia 1: Posto b9 alocado ao Foco f3 por 2.00h (dist: 0.00h).
Dia 1: Posto b9 alocado ao Foco f3 por 2.00h (dist: 0.00h).
Dia 1: Posto b9 alocado ao Foco f3 por 2.00h (dist: 0.00h).
Dia 1: Posto b9 alocado ao Foco f3 por 2.00h (dist: 0.00h).
Dia 1: Posto b9 alocado ao Foco f3 por 1.00h (dist: 0.00h).
Dia 1: Posto b1 alocado ao Foco f3 por 2.00h (dist: 3.00h).
Dia 1: Posto b1 alocado ao Foco f3 por 2.00h (dist: 0.00h).
Dia 1: Posto b1 alocado ao Foco f3 por 2.00h (dist: 0.00h).
Dia 1: Posto b1 alocado ao Foco f3 por 2.00h (dist: 0.00h).
Dia 1: Posto b1 alocado ao Foco f3 por 1.00h (dist: 0.00h).
Dia 1: Posto b2 alocado ao Foco f3 por 2.00h (dist: 4.00h).
Dia 1: Posto b2 alocado ao Foco f3 por 2.00h (dist: 0.00h).
Dia 1: Posto b2 alocado ao Foco f3 por 2.00h (dist: 0.00h).
Dia 1: Posto b2 alocado ao Foco f3 por 2.00h (dist: 0.00h).
Dia 1: Posto b4 alocado ao Foco f3 por 2.00h (dist: 4.00h).
Dia 1: Posto b4 alocado ao Foco f3 por 2.00h (dist: 0.00h).
Dia 1: Posto b4 alocado ao Foco f3 por 2.00h (dist: 0.00h).
Dia 1: Posto b4 alocado ao Foco f3 por 2.00h (dist: 0.00h).
Dia 1: Posto b11 alocado ao Foco f3 por 2.00h (dist: 5.00h).
Dia 1: Posto b11 alocado ao Foco f3 por 2.00h (dist: 0.00h).
Dia 1: Posto b11 alocado ao Foco f3 por 2.00h (dist: 0.00h).
Dia 1: Posto b11 alocado ao Foco f3 por 1.00h (dist: 0.00h).
Dia 1: Posto b6 alocado ao Foco f1 por 2.00h (dist: 1.00h).
Dia 1: Posto b6 alocado ao Foco f1 por 2.00h (dist: 0.00h).
Dia 1: Posto b6 alocado ao Foco f1 por 2.00h (dist: 0.00h).
Dia 1: Posto b6 alocado ao Foco f1 por 2.00h (dist: 0.00h).
Dia 1: Posto b6 alocado ao Foco f1 por 2.00h (dist: 0.00h).
Dia 1: Posto b6 alocado ao Foco f1 por 1.00h (dist: 0.00h).
Dia 1: Posto b3 alocado ao Foco f2 por 2.00h (dist: 4.00h).
Dia 1: Posto b3 alocado ao Foco f2 por 2.00h (dist: 0.00h).
Dia 1: Posto b3 alocado ao Foco f2 por 2.00h (dist: 0.00h).
Dia 1: Posto b3 alocado ao Foco f2 por 2.00h (dist: 0.00h).
Dia 1: Posto b5 alocado ao Foco f2 por 2.00h (dist: 4.00h).
Dia 1: Posto b5 alocado ao Foco f2 por 2.00h (dist: 0.00h).
Dia 1: Posto b5 alocado ao Foco f2 por 2.00h (dist: 0.00h).
Dia 1: Posto b5 alocado ao Foco f2 por 2.00h (dist: 0.00h).
Dia 1: Posto b8 alocado ao Foco f2 por 2.00h (dist: 5.00h).
Dia 1: Posto b8 alocado ao Foco f2 por 2.00h (dist: 0.00h).
Dia 1: Posto b8 alocado ao Foco f2 por 2.00h (dist: 0.00h).
Dia 1: Posto b8 alocado ao Foco f2 por 1.00h (dist: 0.00h).
Foco f1 cresceu para 1114.10 km^2
Foco f2 cresceu para 234.08 km^2

Estado dos Focos ao final do dia:
Foco f1: 1114.10 km^2
Foco f2: 234.08 km^2
Foco f3: Extinto

--- Dia 2 ---
Dia 2: Posto b6 alocado ao Foco f1 por 2.00h (dist: 1.00h).
Dia 2: Posto b6 alocado ao Foco f1 por 2.00h (dist: 0.00h).
Dia 2: Posto b6 alocado ao Foco f1 por 2.00h (dist: 0.00h).
Dia 2: Posto b6 alocado ao Foco f1 por 2.00h (dist: 0.00h).
Dia 2: Posto b6 alocado ao Foco f1 por 2.00h (dist: 0.00h).
Dia 2: Posto b6 alocado ao Foco f1 por 1.00h (dist: 0.00h).
Dia 2: Posto b11 alocado ao Foco f2 por 2.00h (dist: 4.00h).
Dia 2: Posto b11 alocado ao Foco f2 por 2.00h (dist: 0.00h).
Dia 2: Posto b11 alocado ao Foco f2 por 2.00h (dist: 0.00h).
Dia 2: Posto b11 alocado ao Foco f2 por 2.00h (dist: 0.00h).
Dia 2: Posto b3 alocado ao Foco f2 por 2.00h (dist: 4.00h).
Dia 2: Posto b3 alocado ao Foco f2 por 2.00h (dist: 0.00h).
Dia 2: Posto b3 alocado ao Foco f2 por 2.00h (dist: 0.00h).
Dia 2: Posto b3 alocado ao Foco f2 por 2.00h (dist: 0.00h).
Dia 2: Posto b5 alocado ao Foco f2 por 2.00h (dist: 4.00h).
Dia 2: Posto b5 alocado ao Foco f2 por 2.00h (dist: 0.00h).
Dia 2: Posto b5 alocado ao Foco f2 por 2.00h (dist: 0.00h).
Dia 2: Posto b5 alocado ao Foco f2 por 2.00h (dist: 0.00h).
Dia 2: Posto b8 alocado ao Foco f2 por 2.00h (dist: 5.00h).
Dia 2: Posto b8 alocado ao Foco f2 por 2.00h (dist: 0.00h).
Dia 2: Posto b8 alocado ao Foco f2 por 2.00h (dist: 0.00h).
Dia 2: Posto b8 alocado ao Foco f2 por 1.00h (dist: 0.00h).
Dia 2: Posto b1 alocado ao Foco f1 por 2.00h (dist: 5.00h).
Dia 2: Posto b1 alocado ao Foco f1 por 2.00h (dist: 0.00h).
Dia 2: Posto b1 alocado ao Foco f1 por 2.00h (dist: 0.00h).
Dia 2: Posto b1 alocado ao Foco f1 por 1.00h (dist: 0.00h).
Foco f1 cresceu para 1125.93 km^2

Estado dos Focos ao final do dia:
Foco f1: 1125.93 km^2
Foco f2: Extinto
Foco f3: Extinto

--- Dia 3 ---
Dia 3: Posto b6 alocado ao Foco f1 por 2.00h (dist: 1.00h).
Dia 3: Posto b6 alocado ao Foco f1 por 2.00h (dist: 0.00h).
Dia 3: Posto b6 alocado ao Foco f1 por 2.00h (dist: 0.00h).
Dia 3: Posto b6 alocado ao Foco f1 por 2.00h (dist: 0.00h).
Dia 3: Posto b6 alocado ao Foco f1 por 2.00h (dist: 0.00h).
Dia 3: Posto b6 alocado ao Foco f1 por 1.00h (dist: 0.00h).
Dia 3: Posto b11 alocado ao Foco f1 por 2.00h (dist: 3.00h).
Dia 3: Posto b11 alocado ao Foco f1 por 2.00h (dist: 0.00h).
Dia 3: Posto b11 alocado ao Foco f1 por 2.00h (dist: 0.00h).
Dia 3: Posto b11 alocado ao Foco f1 por 2.00h (dist: 0.00h).
Dia 3: Posto b11 alocado ao Foco f1 por 1.00h (dist: 0.00h).
Dia 3: Posto b3 alocado ao Foco f1 por 2.00h (dist: 4.00h).
Dia 3: Posto b3 alocado ao Foco f1 por 2.00h (dist: 0.00h).
Dia 3: Posto b3 alocado ao Foco f1 por 2.00h (dist: 0.00h).
Dia 3: Posto b3 alocado ao Foco f1 por 2.00h (dist: 0.00h).
Dia 3: Posto b1 alocado ao Foco f1 por 2.00h (dist: 5.00h).
Dia 3: Posto b1 alocado ao Foco f1 por 2.00h (dist: 0.00h).
Dia 3: Posto b1 alocado ao Foco f1 por 2.00h (dist: 0.00h).
Dia 3: Posto b1 alocado ao Foco f1 por 1.00h (dist: 0.00h).
Dia 3: Posto b8 alocado ao Foco f1 por 2.00h (dist: 5.00h).
Dia 3: Posto b8 alocado ao Foco f1 por 2.00h (dist: 0.00h).
Dia 3: Posto b8 alocado ao Foco f1 por 2.00h (dist: 0.00h).
Dia 3: Posto b8 alocado ao Foco f1 por 1.00h (dist: 0.00h).
Foco f1 cresceu para 798.11 km^2

Estado dos Focos ao final do dia:
Foco f1: 798.11 km^2
Foco f2: Extinto
Foco f3: Extinto

--- Dia 4 ---
Dia 4: Posto b6 alocado ao Foco f1 por 2.00h (dist: 1.00h).
Dia 4: Posto b6 alocado ao Foco f1 por 2.00h (dist: 0.00h).
Dia 4: Posto b6 alocado ao Foco f1 por 2.00h (dist: 0.00h).
Dia 4: Posto b6 alocado ao Foco f1 por 2.00h (dist: 0.00h).
Dia 4: Posto b6 alocado ao Foco f1 por 2.00h (dist: 0.00h).
Dia 4: Posto b6 alocado ao Foco f1 por 1.00h (dist: 0.00h).
Dia 4: Posto b11 alocado ao Foco f1 por 2.00h (dist: 3.00h).
Dia 4: Posto b11 alocado ao Foco f1 por 2.00h (dist: 0.00h).
Dia 4: Posto b11 alocado ao Foco f1 por 2.00h (dist: 0.00h).
Dia 4: Posto b11 alocado ao Foco f1 por 2.00h (dist: 0.00h).
Dia 4: Posto b11 alocado ao Foco f1 por 1.00h (dist: 0.00h).
Dia 4: Posto b3 alocado ao Foco f1 por 2.00h (dist: 4.00h).
Dia 4: Posto b3 alocado ao Foco f1 por 2.00h (dist: 0.00h).
Dia 4: Posto b3 alocado ao Foco f1 por 2.00h (dist: 0.00h).
Dia 4: Posto b3 alocado ao Foco f1 por 2.00h (dist: 0.00h).
Dia 4: Posto b1 alocado ao Foco f1 por 2.00h (dist: 5.00h).
Dia 4: Posto b1 alocado ao Foco f1 por 2.00h (dist: 0.00h).
Dia 4: Posto b1 alocado ao Foco f1 por 2.00h (dist: 0.00h).
Dia 4: Posto b1 alocado ao Foco f1 por 1.00h (dist: 0.00h).
Dia 4: Posto b8 alocado ao Foco f1 por 2.00h (dist: 5.00h).
Dia 4: Posto b8 alocado ao Foco f1 por 2.00h (dist: 0.00h).
Dia 4: Posto b8 alocado ao Foco f1 por 2.00h (dist: 0.00h).
Dia 4: Posto b8 alocado ao Foco f1 por 1.00h (dist: 0.00h).
Foco f1 cresceu para 371.94 km^2

Estado dos Focos ao final do dia:
Foco f1: 371.94 km^2
Foco f2: Extinto
Foco f3: Extinto

--- Dia 5 ---
Dia 5: Posto b6 alocado ao Foco f1 por 2.00h (dist: 1.00h).
Dia 5: Posto b6 alocado ao Foco f1 por 2.00h (dist: 0.00h).
Dia 5: Posto b6 alocado ao Foco f1 por 2.00h (dist: 0.00h).
Dia 5: Posto b6 alocado ao Foco f1 por 2.00h (dist: 0.00h).
Dia 5: Posto b6 alocado ao Foco f1 por 2.00h (dist: 0.00h).
Dia 5: Posto b6 alocado ao Foco f1 por 1.00h (dist: 0.00h).
Dia 5: Posto b11 alocado ao Foco f1 por 2.00h (dist: 3.00h).
Dia 5: Posto b11 alocado ao Foco f1 por 2.00h (dist: 0.00h).
Dia 5: Posto b11 alocado ao Foco f1 por 2.00h (dist: 0.00h).
Dia 5: Posto b11 alocado ao Foco f1 por 2.00h (dist: 0.00h).
Dia 5: Posto b11 alocado ao Foco f1 por 1.00h (dist: 0.00h).
Dia 5: Posto b3 alocado ao Foco f1 por 2.00h (dist: 4.00h).
Dia 5: Posto b3 alocado ao Foco f1 por 2.00h (dist: 0.00h).
Dia 5: Posto b3 alocado ao Foco f1 por 2.00h (dist: 0.00h).
Dia 5: Posto b3 alocado ao Foco f1 por 2.00h (dist: 0.00h).
Dia 5: Posto b1 alocado ao Foco f1 por 2.00h (dist: 5.00h).
Dia 5: Posto b1 alocado ao Foco f1 por 2.00h (dist: 0.00h).
Dia 5: Posto b1 alocado ao Foco f1 por 2.00h (dist: 0.00h).
Dia 5: Posto b1 alocado ao Foco f1 por 1.00h (dist: 0.00h).
Dia 5: Posto b8 alocado ao Foco f1 por 2.00h (dist: 5.00h).
Dia 5: Posto b8 alocado ao Foco f1 por 2.00h (dist: 0.00h).
Dia 5: Posto b8 alocado ao Foco f1 por 2.00h (dist: 0.00h).
Dia 5: Posto b8 alocado ao Foco f1 por 1.00h (dist: 0.00h).

Estado dos Focos ao final do dia:
Foco f1: Extinto
Foco f2: Extinto
Foco f3: Extinto

--- Dia 6 ---
Todos os focos foram extintos. Simulacao encerrada.

--- Relatorio Final ---
Foco f1 extinto no Dia 5.
Foco f2 extinto no Dia 2.
Foco f3 extinto no Dia 1.
Todos os focos foram extintos em 5 dias.