
--- Dia 1 ---
Dia 1: Posto b6 alocado ao Foco f2 por 2.00h (dist: 1.00h).
Dia 1: Posto b6 alocado ao Foco f2 por 2.00h (dist: 0.00h).
Dia 1: Posto b6 alocado ao Foco f2 por 2.00h (dist: 0.00h).
Dia 1: Posto b6 alocado ao Foco f2 por 2.00h (dist: 0.00h).
Dia 1: Posto b6 alocado ao Foco f2 por 2.00h (dist: 0.00h).
Dia 1: Posto b6 alocado ao Foco f2 por 1.00h (dist: 0.00h).
Dia 1: Posto b5 alocado ao Foco f2 por 2.00h (dist: 5.00h).
Dia 1: Posto b5 alocado ao Foco f2 por 2.00h (dist: 0.00h).
Dia 1: Posto b5 alocado ao Foco f2 por 2.00h (dist: 0.00h).
Dia 1: Posto b5 alocado ao Foco f2 por 1.00h (dist: 0.00h).
Dia 1: Posto b1 alocado ao Foco f1 por 2.00h (dist: 5.00h).
Dia 1: Posto b1 alocado ao Foco f1 por 2.00h (dist: 0.00h).
Dia 1: Posto b1 alocado ao Foco f1 por 2.00h (dist: 0.00h).
Dia 1: Posto b1 alocado ao Foco f1 por 1.00h (dist: 0.00h).
Foco f1 cresceu para 37.76 km^2
Foco f2 cresceu para 424.05 km^2
Foco f3 cresceu para 242.00 km^2
Foco f4 cresceu para 285.60 km^2

Estado dos Focos ao final do dia:
Foco f1: 37.76 km^2
Foco f2: 424.05 km^2
Foco f3: 242.00 km^2
Foco f4: 285.60 km^2

--- Dia 2 ---
Dia 2: Posto b6 alocado ao Foco f2 por 2.00h (dist: 1.00h).
Dia 2: Posto b6 alocado ao Foco f2 por 2.00h (dist: 0.00h).
Dia 2: Posto b6 alocado ao Foco f2 por 2.00h (dist: 0.00h).
Dia 2: Posto b6 alocado ao Foco f2 por 2.00h (dist: 0.00h).
Dia 2: Posto b6 alocado ao Foco f2 por 2.00h (dist: 0.00h).
Dia 2: Posto b6 alocado ao Foco f2 por 1.00h (dist: 0.00h).
Dia 2: Posto b5 alocado ao Foco f2 por 2.00h (dist: 5.00h).
Dia 2: Posto b5 alocado ao Foco f2 por 2.00h (dist: 0.00h).
Dia 2: Posto b5 alocado ao Foco f2 por 2.00h (dist: 0.00h).
Dia 2: Posto b5 alocado ao Foco f2 por 1.00h (dist: 0.00h).
Dia 2: Posto b1 alocado ao Foco f1 por 2.00h (dist: 5.00h).
Dia 2: Posto b1 alocado ao Foco f1 por 2.00h (dist: 0.00h).
Dia 2: Posto b1 alocado ao Foco f1 por 2.00h (dist: 0.00h).
Dia 2: Posto b1 alocado ao Foco f1 por 1.00h (dist: 0.00h).
Foco f2 cresceu para 397.73 km^2
Foco f3 cresceu para 292.82 km^2
Foco f4 cresceu para 388.42 km^2

Estado dos Focos ao final do dia:
Foco f1: Extinto
Foco f2: 397.73 km^2
Foco f3: 292.82 km^2
Foco f4: 388.42 km^2

--- Dia 3 ---
Dia 3: Posto b6 alocado ao Foco f2 por 2.00h (dist: 1.00h).
Dia 3: Posto b6 alocado ao Foco f2 por 2.00h (dist: 0.00h).
Dia 3: Posto b6 alocado ao Foco f2 por 2.00h (dist: 0.00h).
Dia 3: Posto b6 alocado ao Foco f2 por 2.00h (dist: 0.00h).
Dia 3: Posto b6 alocado ao Foco f2 por 2.00h (dist: 0.00h).
Dia 3: Posto b6 alocado ao Foco f2 por 1.00h (dist: 0.00h).
Dia 3: Posto b5 alocado ao Foco f2 por 2.00h (dist: 5.00h).
Dia 3: Posto b5 alocado ao Foco f2 por 2.00h (dist: 0.00h).
Dia 3: Posto b5 alocado ao Foco f2 por 2.00h (dist: 0.00h).
Dia 3: Posto b5 alocado ao Foco f2 por 1.00h (dist: 0.00h).
Foco f2 cresceu para 354.31 km^2
Foco f3 cresceu para 354.31 km^2
Foco f4 cresceu para 528.25 km^2

Estado dos Focos ao final do dia:
Foco f1: Extinto
Foco f2: 354.31 km^2
Foco f3: 354.31 km^2
Foco f4: 528.25 km^2

--- Dia 4 ---
Dia 4: Posto b6 alocado ao Foco f2 por 2.00h (dist: 1.00h).
Dia 4: Posto b6 alocado ao Foco f2 por 2.00h (dist: 0.00h).
Dia 4: Posto b6 alocado ao Foco f2 por 2.00h (dist: 0.00h).
Dia 4: Posto b6 alocado ao Foco f2 por 2.00h (dist: 0.00h).
Dia 4: Posto b6 alocado ao Foco f2 por 2.00h (dist: 0.00h).
Dia 4: Posto b6 alocado ao Foco f2 por 1.00h (dist: 0.00h).
Dia 4: Posto b5 alocado ao Foco f2 por 2.00h (dist: 5.00h).
Dia 4: Posto b5 alocado ao Foco f2 por 2.00h (dist: 0.00h).
Dia 4: Posto b5 alocado ao Foco f2 por 2.00h (dist: 0.00h).
Dia 4: Posto b5 alocado ao Foco f2 por 1.00h (dist: 0.00h).
Foco f2 cresceu para 282.66 km^2
Foco f3 cresceu para 428.72 km^2
Foco f4 cresceu para 718.41 km^2

Estado dos Focos ao final do dia:
Foco f1: Extinto
Foco f2: 282.66 km^2
Foco f3: 428.72 km^2
Foco f4: 718.41 km^2

--- Dia 5 ---
Dia 5: Posto b6 alocado ao Foco f2 por 2.00h (dist: 1.00h).
Dia 5: Posto b6 alocado ao Foco f2 por 2.00h (dist: 0.00h).
Dia 5: Posto b6 alocado ao Foco f2 por 2.00h (dist: 0.00h).
Dia 5: Posto b6 alocado ao Foco f2 por 2.00h (dist: 0.00h).
Dia 5: Posto b6 alocado ao Foco f2 por 2.00h (dist: 0.00h).
Dia 5: Posto b6 alocado ao Foco f2 por 1.00h (dist: 0.00h).
Dia 5: Posto b5 alocado ao Foco f2 por 2.00h (dist: 5.00h).
Dia 5: Posto b5 alocado ao Foco f2 por 2.00h (dist: 0.00h).
Dia 5: Posto b5 alocado ao Foco f2 por 2.00h (dist: 0.00h).
Dia 5: Posto b5 alocado ao Foco f2 por 1.00h (dist: 0.00h).
Foco f2 cresceu para 164.44 km^2
Foco f3 cresceu para 518.75 km^2
Foco f4 cresceu para 977.04 km^2

Estado dos Focos ao final do dia:
Foco f1: Extinto
Foco f2: 164.44 km^2
Foco f3: 518.75 km^2
Foco f4: 977.04 km^2

--- Dia 6 ---
Dia 6: Posto b6 alocado ao Foco f2 por 2.00h (dist: 1.00h).
Dia 6: Posto b6 alocado ao Foco f2 por 2.00h (dist: 0.00h).
Dia 6: Posto b6 alocado ao Foco f2 por 2.00h (dist: 0.00h).
Dia 6: Posto b6 alocado ao Foco f2 por 2.00h (dist: 0.00h).
Dia 6: Posto b6 alocado ao Foco f2 por 2.00h (dist: 0.00h).
Dia 6: Posto b6 alocado ao Foco f2 por 1.00h (dist: 0.00h).
Dia 6: Posto b5 alocado ao Foco f2 por 2.00h (dist: 5.00h).
Dia 6: Posto b5 alocado ao Foco f2 por 2.00h (dist: 0.00h).
Dia 6: Posto b5 alocado ao Foco f2 por 2.00h (dist: 0.00h).
Dia 6: Posto b5 alocado ao Foco f2 por 1.00h (dist: 0.00h).
Foco f3 cresceu para 627.69 km^2
Foco f4 cresceu para 1328.78 km^2

Estado dos Focos ao final do dia:
Foco f1: Extinto
Foco f2: Extinto
Foco f3: 627.69 km^2
Foco f4: 1328.78 km^2

--- Dia 7 ---
Dia 7: Posto b6 alocado ao Foco f3 por 2.00h (dist: 2.00h).
Dia 7: Posto b6 alocado ao Foco f3 por 2.00h (dist: 0.00h).
Dia 7: Posto b6 alocado ao Foco f3 por 2.00h (dist: 0.00h).
Dia 7: Posto b6 alocado ao Foco f3 por 2.00h (dist: 0.00h).
Dia 7: Posto b6 alocado ao Foco f3 por 2.00h (dist: 0.00h).
Foco f3 cresceu para 650.60 km^2
Foco f4 cresceu para 1807.14 km^2

Estado dos Focos ao final do dia:
Foco f1: Extinto
Foco f2: Extinto
Foco f3: 650.60 km^2
Foco f4: 1807.14 km^2

--- Dia 8 ---
Dia 8: Posto b6 alocado ao Foco f3 por 2.00h (dist: 2.00h).
Dia 8: Posto b6 alocado ao Foco f3 por 2.00h (dist: 0.00h).
Dia 8: Posto b6 alocado ao Foco f3 por 2.00h (dist: 0.00h).
Dia 8: Posto b6 alocado ao Foco f3 por 2.00h (dist: 0.00h).
Dia 8: Posto b6 alocado ao Foco f3 por 2.00h (dist: 0.00h).
Foco f3 cresceu para 678.33 km^2
Foco f4 cresceu para 2457.71 km^2

Estado dos Focos ao final do dia:
Foco f1: Extinto
Foco f2: Extinto
Foco f3: 678.33 km^2
Foco f4: 2457.71 km^2

--- Dia 9 ---
Dia 9: Posto b6 alocado ao Foco f3 por 2.00h (dist: 2.00h).
Dia 9: Posto b6 alocado ao Foco f3 por 2.00h (dist: 0.00h).
Dia 9: Posto b6 alocado ao Foco f3 por 2.00h (dist: 0.00h).
Dia 9: Posto b6 alocado ao Foco f3 por 2.00h (dist: 0.00h).
Dia 9: Posto b6 alocado ao Foco f3 por 2.00h (dist: 0.00h).
Foco f3 cresceu para 711.87 km^2
Foco f4 cresceu para 3342.49 km^2

Estado dos Focos ao final do dia:
Foco f1: Extinto
Foco f2: Extinto
Foco f3: 711.87 km^2
Foco f4: 3342.49 km^2

--- Dia 10 ---
Dia 10: Posto b6 alocado ao Foco f3 por 2.00h (dist: 2.00h).
Dia 10: Posto b6 alocado ao Foco f3 por 2.00h (dist: 0.00h).
Dia 10: Posto b6 alocado ao Foco f3 por 2.00h (dist: 0.00h).
Dia 10: Posto b6 alocado ao Foco f3 por 2.00h (dist: 0.00h).
Dia 10: Posto b6 alocado ao Foco f3 por 2.00h (dist: 0.00h).
Foco f3 cresceu para 752.47 km^2
Foco f4 cresceu para 4545.78 km^2

Estado dos Focos ao final do dia:
Foco f1: Extinto
Foco f2: Extinto
Foco f3: 752.47 km^2
Foco f4: 4545.78 km^2

--- Dia 11 ---
Dia 11: Posto b6 alocado ao Foco f3 por 2.00h (dist: 2.00h).
Dia 11: Posto b6 alocado ao Foco f3 por 2.00h (dist: 0.00h).
Dia 11: Posto b6 alocado ao Foco f3 por 2.00h (dist: 0.00h).
Dia 11: Posto b6 alocado ao Foco f3 por 2.00h (dist: 0.00h).
Dia 11: Posto b6 alocado ao Foco f3 por 2.00h (dist: 0.00h).
Foco f3 cresceu para 801.59 km^2
Foco f4 cresceu para 6182.26 km^2

Estado dos Focos ao final do dia:
Foco f1: Extinto
Foco f2: Extinto
Foco f3: 801.59 km^2
Foco f4: 6182.26 km^2

--- Dia 12 ---
Dia 12: Posto b6 alocado ao Foco f3 por 2.00h (dist: 2.00h).
Dia 12: Posto b6 alocado ao Foco f3 por 2.00h (dist: 0.00h).
Dia 12: Posto b6 alocado ao Foco f3 por 2.00h (dist: 0.00h).
Dia 12: Posto b6 alocado ao Foco f3 por 2.00h (dist: 0.00h).
Dia 12: Posto b6 alocado ao Foco f3 por 2.00h (dist: 0.00h).
Foco f3 cresceu para 861.02 km^2
Foco f4 cresceu para 8407.87 km^2

Estado dos Focos ao final do dia:
Foco f1: Extinto
Foco f2: Extinto
Foco f3: 861.02 km^2
Foco f4: 8407.87 km^2

--- Dia 13 ---
Dia 13: Posto b6 alocado ao Foco f3 por 2.00h (dist: 2.00h).
Dia 13: Posto b6 alocado ao Foco f3 por 2.00h (dist: 0.00h).
Dia 13: Posto b6 alocado ao Foco f3 por 2.00h (dist: 0.00h).
Dia 13: Posto b6 alocado ao Foco f3 por 2.00h (dist: 0.00h).
Dia 13: Posto b6 alocado ao Foco f3 por 2.00h (dist: 0.00h).
Foco f3 cresceu para 932.93 km^2
Foco f4 cresceu para 11434.71 km^2

Estado dos Focos ao final do dia:
Foco f1: Extinto
Foco f2: Extinto
Foco f3: 932.93 km^2
Foco f4: 11434.71 km^2

--- Dia 14 ---
Dia 14: Posto b6 alocado ao Foco f3 por 2.00h (dist: 2.00h).
Dia 14: Posto b6 alocado ao Foco f3 por 2.00h (dist: 0.00h).
Dia 14: Posto b6 alocado ao Foco f3 por 2.00h (dist: 0.00h).
Dia 14: Posto b6 alocado ao Foco f3 por 2.00h (dist: 0.00h).
Dia 14: Posto b6 alocado ao Foco f3 por 2.00h (dist: 0.00h).
Foco f3 cresceu para 1019.95 km^2
Foco f4 cresceu para 15551.20 km^2

Estado dos Focos ao final do dia:
Foco f1: Extinto
Foco f2: Extinto
Foco f3: 1019.95 km^2
Foco f4: 15551.20 km^2

--- Dia 15 ---
Dia 15: Posto b6 alocado ao Foco f3 por 2.00h (dist: 2.00h).
Dia 15: Posto b6 alocado ao Foco f3 por 2.00h (dist: 0.00h).
Dia 15: Posto b6 alocado ao Foco f3 por 2.00h (dist: 0.00h).
Dia 15: Posto b6 alocado ao Foco f3 por 2.00h (dist: 0.00h).
Dia 15: Posto b6 alocado ao Foco f3 por 2.00h (dist: 0.00h).
Foco f3 cresceu para 1125.24 km^2
Foco f4 cresceu para 21149.64 km^2

Estado dos Focos ao final do dia:
Foco f1: Extinto
Foco f2: Extinto
Foco f3: 1125.24 km^2
Foco f4: 21149.64 km^2

--- Dia 16 ---
Dia 16: Posto b6 alocado ao Foco f3 por 2.00h (dist: 2.00h).
Dia 16: Posto b6 alocado ao Foco f3 por 2.00h (dist: 0.00h).
Dia 16: Posto b6 alocado ao Foco f3 por 2.00h (dist: 0.00h).
Dia 16: Posto b6 alocado ao Foco f3 por 2.00h (dist: 0.00h).
Dia 16: Posto b6 alocado ao Foco f3 por 2.00h (dist: 0.00h).
Foco f3 cresceu para 1252.64 km^2
Foco f4 cresceu para 28763.51 km^2

Estado dos Focos ao final do dia:
Foco f1: Extinto
Foco f2: Extinto
Foco f3: 1252.64 km^2
Foco f4: 28763.51 km^2

--- Dia 17 ---
Dia 17: Posto b6 alocado ao Foco f3 por 2.00h (dist: 2.00h).
Dia 17: Posto b6 alocado ao Foco f3 por 2.00h (dist: 0.00h).
Dia 17: Posto b6 alocado ao Foco f3 por 2.00h (dist: 0.00h).
Dia 17: Posto b6 alocado ao Foco f3 por 2.00h (dist: 0.00h).
Dia 17: Posto b6 alocado ao Foco f3 por 2.00h (dist: 0.00h).
Foco f3 cresceu para 1406.79 km^2
Foco f4 cresceu para 39118.37 km^2

Estado dos Focos ao final do dia:
Foco f1: Extinto
Foco f2: Extinto
Foco f3: 1406.79 km^2
Foco f4: 39118.37 km^2

--- Dia 18 ---
Dia 18: Posto b6 alocado ao Foco f3 por 2.00h (dist: 2.00h).
Dia 18: Posto b6 alocado ao Foco f3 por 2.00h (dist: 0.00h).
Dia 18: Posto b6 alocado ao Foco f3 por 2.00h (dist: 0.00h).
Dia 18: Posto b6 alocado ao Foco f3 por 2.00h (dist: 0.00h).
Dia 18: Posto b6 alocado ao Foco f3 por 2.00h (dist: 0.00h).
Foco f3 cresceu para 1593.32 km^2
Foco f4 cresceu para 53200.98 km^2

Estado dos Focos ao final do dia:
Foco f1: Extinto
Foco f2: Extinto
Foco f3: 1593.32 km^2
Foco f4: 53200.98 km^2

--- Dia 19 ---
Dia 19: Posto b6 alocado ao Foco f3 por 2.00h (dist: 2.00h).
Dia 19: Posto b6 alocado ao Foco f3 por 2.00h (dist: 0.00h).
Dia 19: Posto b6 alocado ao Foco f3 por 2.00h (dist: 0.00h).
Dia 19: Posto b6 alocado ao Foco f3 por 2.00h (dist: 0.00h).
Dia 19: Posto b6 alocado ao Foco f3 por 2.00h (dist: 0.00h).
Foco f3 cresceu para 1819.01 km^2
Foco f4 cresceu para 72353.33 km^2

Estado dos Focos ao final do dia:
Foco f1: Extinto
Foco f2: Extinto
Foco f3: 1819.01 km^2
Foco f4: 72353.33 km^2

--- Dia 20 ---
Dia 20: Posto b6 alocado ao Foco f3 por 2.00h (dist: 2.00h).
Dia 20: Posto b6 alocado ao Foco f3 por 2.00h (dist: 0.00h).
Dia 20: Posto b6 alocado ao Foco f3 por 2.00h (dist: 0.00h).
Dia 20: Posto b6 alocado ao Foco f3 por 2.00h (dist: 0.00h).
Dia 20: Posto b6 alocado ao Foco f3 por 2.00h (dist: 0.00h).
Foco f3 cresceu para 2092.11 km^2
Foco f4 cresceu para 98400.54 km^2

Estado dos Focos ao final do dia:
Foco f1: Extinto
Foco f2: Extinto
Foco f3: 2092.11 km^2
Foco f4: 98400.54 km^2

--- Dia 21 ---
Dia 21: Posto b6 alocado ao Foco f3 por 2.00h (dist: 2.00h).
Dia 21: Posto b6 alocado ao Foco f3 por 2.00h (dist: 0.00h).
Dia 21: Posto b6 alocado ao Foco f3 por 2.00h (dist: 0.00h).
Dia 21: Posto b6 alocado ao Foco f3 por 2.00h (dist: 0.00h).
Dia 21: Posto b6 alocado ao Foco f3 por 2.00h (dist: 0.00h).
Foco f3 cresceu para 2422.55 km^2
Foco f4 cresceu para 133824.73 km^2

Estado dos Focos ao final do dia:
Foco f1: Extinto
Foco f2: Extinto
Foco f3: 2422.55 km^2
Foco f4: 133824.73 km^2

--- Dia 22 ---
Dia 22: Posto b6 alocado ao Foco f3 por 2.00h (dist: 2.00h).
Dia 22: Posto b6 alocado ao Foco f3 por 2.00h (dist: 0.00h).
Dia 22: Posto b6 alocado ao Foco f3 por 2.00h (dist: 0.00h).
Dia 22: Posto b6 alocado ao Foco f3 por 2.00h (dist: 0.00h).
Dia 22: Posto b6 alocado ao Foco f3 por 2.00h (dist: 0.00h).
Foco f3 cresceu para 2822.39 km^2
Foco f4 cresceu para 182001.63 km^2

Estado dos Focos ao final do dia:
Foco f1: Extinto
Foco f2: Extinto
Foco f3: 2822.39 km^2
Foco f4: 182001.63 km^2

--- Dia 23 ---
Dia 23: Posto b6 alocado ao Foco f3 por 2.00h (dist: 2.00h).
Dia 23: Posto b6 alocado ao Foco f3 por 2.00h (dist: 0.00h).
Dia 23: Posto b6 alocado ao Foco f3 por 2.00h (dist: 0.00h).
Dia 23: Posto b6 alocado ao Foco f3 por 2.00h (dist: 0.00h).
Dia 23: Posto b6 alocado ao Foco f3 por 2.00h (dist: 0.00h).
Foco f3 cresceu para 3306.19 km^2
Foco f4 cresceu para 247522.22 km^2

Estado dos Focos ao final do dia:
Foco f1: Extinto
Foco f2: Extinto
Foco f3: 3306.19 km^2
Foco f4: 247522.22 km^2

--- Dia 24 ---
Dia 24: Posto b6 alocado ao Foco f3 por 2.00h (dist: 2.00h).
Dia 24: Posto b6 alocado ao Foco f3 por 2.00h (dist: 0.00h).
Dia 24: Posto b6 alocado ao Foco f3 por 2.00h (dist: 0.00h).
Dia 24: Posto b6 alocado ao Foco f3 por 2.00h (dist: 0.00h).
Dia 24: Posto b6 alocado ao Foco f3 por 2.00h (dist: 0.00h).
Foco f3 cresceu para 3891.59 km^2
Foco f4 cresceu para 336630.22 km^2

Estado dos Focos ao final do dia:
Foco f1: Extinto
Foco f2: Extinto
Foco f3: 3891.59 km^2
Foco f4: 336630.22 km^2

--- Dia 25 ---
Dia 25: Posto b6 alocado ao Foco f3 por 2.00h (dist: 2.00h).
Dia 25: Posto b6 alocado ao Foco f3 por 2.00h (dist: 0.00h).
Dia 25: Posto b6 alocado ao Foco f3 por 2.00h (dist: 0.00h).
Dia 25: Posto b6 alocado ao Foco f3 por 2.00h (dist: 0.00h).
Dia 25: Posto b6 alocado ao Foco f3 por 2.00h (dist: 0.00h).
Foco f3 cresceu para 4599.92 km^2
Foco f4 cresceu para 457817.09 km^2

Estado dos Focos ao final do dia:
Foco f1: Extinto
Foco f2: Extinto
Foco f3: 4599.92 km^2
Foco f4: 457817.09 km^2

--- Dia 26 ---
Dia 26: Posto b6 alocado ao Foco f3 por 2.00h (dist: 2.00h).
Dia 26: Posto b6 alocado ao Foco f3 por 2.00h (dist: 0.00h).
Dia 26: Posto b6 alocado ao Foco f3 por 2.00h (dist: 0.00h).
Dia 26: Posto b6 alocado ao Foco f3 por 2.00h (dist: 0.00h).
Dia 26: Posto b6 alocado ao Foco f3 por 2.00h (dist: 0.00h).
Foco f3 cresceu para 5457.00 km^2
Foco f4 cresceu para 622631.25 km^2

Estado dos Focos ao final do dia:
Foco f1: Extinto
Foco f2: Extinto
Foco f3: 5457.00 km^2
Foco f4: 622631.25 km^2

--- Dia 27 ---
Dia 27: Posto b6 alocado ao Foco f3 por 2.00h (dist: 2.00h).
Dia 27: Posto b6 alocado ao Foco f3 por 2.00h (dist: 0.00h).
Dia 27: Posto b6 alocado ao Foco f3 por 2.00h (dist: 0.00h).
Dia 27: Posto b6 alocado ao Foco f3 por 2.00h (dist: 0.00h).
Dia 27: Posto b6 alocado ao Foco f3 por 2.00h (dist: 0.00h).
Foco f3 cresceu para 6494.07 km^2
Foco f4 cresceu para 846778.50 km^2

Estado dos Focos ao final do dia:
Foco f1: Extinto
Foco f2: Extinto
Foco f3: 6494.07 km^2
Foco f4: 846778.50 km^2

--- Dia 28 ---
Dia 28: Posto b6 alocado ao Foco f3 por 2.00h (dist: 2.00h).
Dia 28: Posto b6 alocado ao Foco f3 por 2.00h (dist: 0.00h).
Dia 28: Posto b6 alocado ao Foco f3 por 2.00h (dist: 0.00h).
Dia 28: Posto b6 alocado ao Foco f3 por 2.00h (dist: 0.00h).
Dia 28: Posto b6 alocado ao Foco f3 por 2.00h (dist: 0.00h).
Foco f3 cresceu para 7748.93 km^2
Foco f4 cresceu para 1151618.76 km^2

Estado dos Focos ao final do dia:
Foco f1: Extinto
Foco f2: Extinto
Foco f3: 7748.93 km^2
Foco f4: 1151618.76 km^2

--- Dia 29 ---
Dia 29: Posto b6 alocado ao Foco f3 por 2.00h (dist: 2.00h).
Dia 29: Posto b6 alocado ao Foco f3 por 2.00h (dist: 0.00h).
Dia 29: Posto b6 alocado ao Foco f3 por 2.00h (dist: 0.00h).
Dia 29: Posto b6 alocado ao Foco f3 por 2.00h (dist: 0.00h).
Dia 29: Posto b6 alocado ao Foco f3 por 2.00h (dist: 0.00h).
Foco f3 cresceu para 9267.30 km^2
Foco f4 cresceu para 1566201.51 km^2

Estado dos Focos ao final do dia:
Foco f1: Extinto
Foco f2: Extinto
Foco f3: 9267.30 km^2
Foco f4: 1566201.51 km^2

--- Dia 30 ---
Dia 30: Posto b6 alocado ao Foco f3 por 2.00h (dist: 2.00h).
Dia 30: Posto b6 alocado ao Foco f3 por 2.00h (dist: 0.00h).
Dia 30: Posto b6 alocado ao Foco f3 por 2.00h (dist: 0.00h).
Dia 30: Posto b6 alocado ao Foco f3 por 2.00h (dist: 0.00h).
Dia 30: Posto b6 alocado ao Foco f3 por 2.00h (dist: 0.00h).
Foco f3 cresceu para 11104.53 km^2
Foco f4 cresceu para 2130034.05 km^2

Estado dos Focos ao final do dia:
Foco f1: Extinto
Foco f2: Extinto
Foco f3: 11104.53 km^2
Foco f4: 2130034.05 km^2

--- Dia 31 ---
Dia 31: Posto b6 alocado ao Foco f3 por 2.00h (dist: 2.00h).
Dia 31: Posto b6 alocado ao Foco f3 por 2.00h (dist: 0.00h).
Dia 31: Posto b6 alocado ao Foco f3 por 2.00h (dist: 0.00h).
Dia 31: Posto b6 alocado ao Foco f3 por 2.00h (dist: 0.00h).
Dia 31: Posto b6 alocado ao Foco f3 por 2.00h (dist: 0.00h).
Foco f3 cresceu para 13327.59 km^2
Foco f4 cresceu para 2896846.31 km^2

Estado dos Focos ao final do dia:
Foco f1: Extinto
Foco f2: Extinto
Foco f3: 13327.59 km^2
Foco f4: 2896846.31 km^2

--- Dia 32 ---
Dia 32: Posto b6 alocado ao Foco f3 por 2.00h (dist: 2.00h).
Dia 32: Posto b6 alocado ao Foco f3 por 2.00h (dist: 0.00h).
Dia 32: Posto b6 alocado ao Foco f3 por 2.00h (dist: 0.00h).
Dia 32: Posto b6 alocado ao Foco f3 por 2.00h (dist: 0.00h).
Dia 32: Posto b6 alocado ao Foco f3 por 2.00h (dist: 0.00h).
Foco f3 cresceu para 16017.48 km^2
Foco f4 cresceu para 3939710.98 km^2

Estado dos Focos ao final do dia:
Foco f1: Extinto
Foco f2: Extinto
Foco f3: 16017.48 km^2
Foco f4: 3939710.98 km^2

--- Dia 33 ---
Dia 33: Posto b6 alocado ao Foco f3 por 2.00h (dist: 2.00h).
Dia 33: Posto b6 alocado ao Foco f3 por 2.00h (dist: 0.00h).
Dia 33: Posto b6 alocado ao Foco f3 por 2.00h (dist: 0.00h).
Dia 33: Posto b6 alocado ao Foco f3 por 2.00h (dist: 0.00h).
Dia 33: Posto b6 alocado ao Foco f3 por 2.00h (dist: 0.00h).
Foco f3 cresceu para 19272.25 km^2
Foco f4 cresceu para 5358006.93 km^2

Estado dos Focos ao final do dia:
Foco f1: Extinto
Foco f2: Extinto
Foco f3: 19272.25 km^2
Foco f4: 5358006.93 km^2

--- Dia 34 ---
Dia 34: Posto b6 alocado ao Foco f3 por 2.00h (dist: 2.00h).
Dia 34: Posto b6 alocado ao Foco f3 por 2.00h (dist: 0.00h).
Dia 34: Posto b6 alocado ao Foco f3 por 2.00h (dist: 0.00h).
Dia 34: Posto b6 alocado ao Foco f3 por 2.00h (dist: 0.00h).
Dia 34: Posto b6 alocado ao Foco f3 por 2.00h (dist: 0.00h).
Foco f3 cresceu para 23210.52 km^2
Foco f4 cresceu para 7286889.42 km^2

Estado dos Focos ao final do dia:
Foco f1: Extinto
Foco f2: Extinto
Foco f3: 23210.52 km^2
Foco f4: 7286889.42 km^2

--- Dia 35 ---
Dia 35: Posto b6 alocado ao Foco f3 por 2.00h (dist: 2.00h).
Dia 35: Posto b6 alocado ao Foco f3 por 2.00h (dist: 0.00h).
Dia 35: Posto b6 alocado ao Foco f3 por 2.00h (dist: 0.00h).
Dia 35: Posto b6 alocado ao Foco f3 por 2.00h (dist: 0.00h).
Dia 35: Posto b6 alocado ao Foco f3 por 2.00h (dist: 0.00h).
Foco f3 cresceu para 27975.83 km^2
Foco f4 cresceu para 9910169.62 km^2

Estado dos Focos ao final do dia:
Foco f1: Extinto
Foco f2: Extinto
Foco f3: 27975.83 km^2
Foco f4: 9910169.62 km^2

--- Dia 36 ---
Dia 36: Posto b6 alocado ao Foco f3 por 2.00h (dist: 2.00h).
Dia 36: Posto b6 alocado ao Foco f3 por 2.00h (dist: 0.00h).
Dia 36: Posto b6 alocado ao Foco f3 por 2.00h (dist: 0.00h).
Dia 36: Posto b6 alocado ao Foco f3 por 2.00h (dist: 0.00h).
Dia 36: Posto b6 alocado ao Foco f3 por 2.00h (dist: 0.00h).
Foco f3 cresceu para 33741.86 km^2
Foco f4 cresceu para 13477830.68 km^2

Estado dos Focos ao final do dia:
Foco f1: Extinto
Foco f2: Extinto
Foco f3: 33741.86 km^2
Foco f4: 13477830.68 km^2

--- Dia 37 ---
Dia 37: Posto b6 alocado ao Foco f3 por 2.00h (dist: 2.00h).
Dia 37: Posto b6 alocado ao Foco f3 por 2.00h (dist: 0.00h).
Dia 37: Posto b6 alocado ao Foco f3 por 2.00h (dist: 0.00h).
Dia 37: Posto b6 alocado ao Foco f3 por 2.00h (dist: 0.00h).
Dia 37: Posto b6 alocado ao Foco f3 por 2.00h (dist: 0.00h).
Foco f3 cresceu para 40718.75 km^2
Foco f4 cresceu para 18329849.72 km^2

Estado dos Focos ao final do dia:
Foco f1: Extinto
Foco f2: Extinto
Foco f3: 40718.75 km^2
Foco f4: 18329849.72 km^2

--- Dia 38 ---
Dia 38: Posto b6 alocado ao Foco f3 por 2.00h (dist: 2.00h).
Dia 38: Posto b6 alocado ao Foco f3 por 2.00h (dist: 0.00h).
Dia 38: Posto b6 alocado ao Foco f3 por 2.00h (dist: 0.00h).
Dia 38: Posto b6 alocado ao Foco f3 por 2.00h (dist: 0.00h).
Dia 38: Posto b6 alocado ao Foco f3 por 2.00h (dist: 0.00h).
Foco f3 cresceu para 49160.78 km^2
Foco f4 cresceu para 24928595.62 km^2

Estado dos Focos ao final do dia:
Foco f1: Extinto
Foco f2: Extinto
Foco f3: 49160.78 km^2
Foco f4: 24928595.62 km^2

--- Dia 39 ---
Dia 39: Posto b6 alocado ao Foco f3 por 2.00h (dist: 2.00h).
Dia 39: Posto b6 alocado ao Foco f3 por 2.00h (dist: 0.00h).
Dia 39: Posto b6 alocado ao Foco f3 por 2.00h (dist: 0.00h).
Dia 39: Posto b6 alocado ao Foco f3 por 2.00h (dist: 0.00h).
Dia 39: Posto b6 alocado ao Foco f3 por 2.00h (dist: 0.00h).
Foco f3 cresceu para 59375.65 km^2
Foco f4 cresceu para 33902890.05 km^2

Estado dos Focos ao final do dia:
Foco f1: Extinto
Foco f2: Extinto
Foco f3: 59375.65 km^2
Foco f4: 33902890.05 km^2

--- Dia 40 ---
Dia 40: Posto b6 alocado ao Foco f3 por 2.00h (dist: 2.00h).
Dia 40: Posto b6 alocado ao Foco f3 por 2.00h (dist: 0.00h).
Dia 40: Posto b6 alocado ao Foco f3 por 2.00h (dist: 0.00h).
Dia 40: Posto b6 alocado ao Foco f3 por 2.00h (dist: 0.00h).
Dia 40: Posto b6 alocado ao Foco f3 por 2.00h (dist: 0.00h).
Foco f3 cresceu para 71735.63 km^2
Foco f4 cresceu para 46107930.47 km^2

Estado dos Focos ao final do dia:
Foco f1: Extinto
Foco f2: Extinto
Foco f3: 71735.63 km^2
Foco f4: 46107930.47 km^2

--- Dia 41 ---
Dia 41: Posto b6 alocado ao Foco f3 por 2.00h (dist: 2.00h).
Dia 41: Posto b6 alocado ao Foco f3 por 2.00h (dist: 0.00h).
Dia 41: Posto b6 alocado ao Foco f3 por 2.00h (dist: 0.00h).
Dia 41: Posto b6 alocado ao Foco f3 por 2.00h (dist: 0.00h).
Dia 41: Posto b6 alocado ao Foco f3 por 2.00h (dist: 0.00h).
Foco f3 cresceu para 86691.22 km^2
Foco f4 cresceu para 62706785.43 km^2

Estado dos Focos ao final do dia:
Foco f1: Extinto
Foco f2: Extinto
Foco f3: 86691.22 km^2
Foco f4: 62706785.43 km^2

--- Dia 42 ---
Dia 42: Posto b6 alocado ao Foco f3 por 2.00h (dist: 2.00h).
Dia 42: Posto b6 alocado ao Foco f3 por 2.00h (dist: 0.00h).
Dia 42: Posto b6 alocado ao Foco f3 por 2.00h (dist: 0.00h).
Dia 42: Posto b6 alocado ao Foco f3 por 2.00h (dist: 0.00h).
Dia 42: Posto b6 alocado ao Foco f3 por 2.00h (dist: 0.00h).
Foco f3 cresceu para 104787.47 km^2
Foco f4 cresceu para 85281228.19 km^2

Estado dos Focos ao final do dia:
Foco f1: Extinto
Foco f2: Extinto
Foco f3: 104787.47 km^2
Foco f4: 85281228.19 km^2

--- Dia 43 ---
Dia 43: Posto b6 alocado ao Foco f3 por 2.00h (dist: 2.00h).
Dia 43: Posto b6 alocado ao Foco f3 por 2.00h (dist: 0.00h).
Dia 43: Posto b6 alocado ao Foco f3 por 2.00h (dist: 0.00h).
Dia 43: Posto b6 alocado ao Foco f3 por 2.00h (dist: 0.00h).
Dia 43: Posto b6 alocado ao Foco f3 por 2.00h (dist: 0.00h).
Foco f3 cresceu para 126683.94 km^2
Foco f4 cresceu para 115982470.34 km^2

Estado dos Focos ao final do dia:
Foco f1: Extinto
Foco f2: Extinto
Foco f3: 126683.94 km^2
Foco f4: 115982470.34 km^2

--- Dia 44 ---
Dia 44: Posto b6 alocado ao Foco f3 por 2.00h (dist: 2.00h).
Dia 44: Posto b6 alocado ao Foco f3 por 2.00h (dist: 0.00h).
Dia 44: Posto b6 alocado ao Foco f3 por 2.00h (dist: 0.00h).
Dia 44: Posto b6 alocado ao Foco f3 por 2.00h (dist: 0.00h).
Dia 44: Posto b6 alocado ao Foco f3 por 2.00h (dist: 0.00h).
Foco f3 cresceu para 153178.67 km^2
Foco f4 cresceu para 157736159.66 km^2

Estado dos Focos ao final do dia:
Foco f1: Extinto
Foco f2: Extinto
Foco f3: 153178.67 km^2
Foco f4: 157736159.66 km^2

--- Dia 45 ---
Dia 45: Posto b6 alocado ao Foco f3 por 2.00h (dist: 2.00h).
Dia 45: Posto b6 alocado ao Foco f3 por 2.00h (dist: 0.00h).
Dia 45: Posto b6 alocado ao Foco f3 por 2.00h (dist: 0.00h).
Dia 45: Posto b6 alocado ao Foco f3 por 2.00h (dist: 0.00h).
Dia 45: Posto b6 alocado ao Foco f3 por 2.00h (dist: 0.00h).
Foco f3 cresceu para 185237.29 km^2
Foco f4 cresceu para 214521177.14 km^2

Estado dos Focos ao final do dia:
Foco f1: Extinto
Foco f2: Extinto
Foco f3: 185237.29 km^2
Foco f4: 214521177.14 km^2

--- Dia 46 ---
Dia 46: Posto b6 alocado ao Foco f3 por 2.00h (dist: 2.00h).
Dia 46: Posto b6 alocado ao Foco f3 por 2.00h (dist: 0.00h).
Dia 46: Posto b6 alocado ao Foco f3 por 2.00h (dist: 0.00h).
Dia 46: Posto b6 alocado ao Foco f3 por 2.00h (dist: 0.00h).
Dia 46: Posto b6 alocado ao Foco f3 por 2.00h (dist: 0.00h).
Foco f3 cresceu para 224028.22 km^2
Foco f4 cresceu para 291748800.91 km^2

Estado dos Focos ao final do dia:
Foco f1: Extinto
Foco f2: Extinto
Foco f3: 224028.22 km^2
Foco f4: 291748800.91 km^2

--- Dia 47 ---
Dia 47: Posto b6 alocado ao Foco f3 por 2.00h (dist: 2.00h).
Dia 47: Posto b6 alocado ao Foco f3 por 2.00h (dist: 0.00h).
Dia 47: Posto b6 alocado ao Foco f3 por 2.00h (dist: 0.00h).
Dia 47: Posto b6 alocado ao Foco f3 por 2.00h (dist: 0.00h).
Dia 47: Posto b6 alocado ao Foco f3 por 2.00h (dist: 0.00h).
Foco f3 cresceu para 270965.24 km^2
Foco f4 cresceu para 396778369.23 km^2

Estado dos Focos ao final do dia:
Foco f1: Extinto
Foco f2: Extinto
Foco f3: 270965.24 km^2
Foco f4: 396778369.23 km^2

--- Dia 48 ---
Dia 48: Posto b6 alocado ao Foco f3 por 2.00h (dist: 2.00h).
Dia 48: Posto b6 alocado ao Foco f3 por 2.00h (dist: 0.00h).
Dia 48: Posto b6 alocado ao Foco f3 por 2.00h (dist: 0.00h).
Dia 48: Posto b6 alocado ao Foco f3 por 2.00h (dist: 0.00h).
Dia 48: Posto b6 alocado ao Foco f3 por 2.00h (dist: 0.00h).
Foco f3 cresceu para 327759.04 km^2
Foco f4 cresceu para 539618582.16 km^2

Estado dos Focos ao final do dia:
Foco f1: Extinto
Foco f2: Extinto
Foco f3: 327759.04 km^2
Foco f4: 539618582.16 km^2

--- Dia 49 ---
Dia 49: Posto b6 alocado ao Foco f3 por 2.00h (dist: 2.00h).
Dia 49: Posto b6 alocado ao Foco f3 por 2.00h (dist: 0.00h).
Dia 49: Posto b6 alocado ao Foco f3 por 2.00h (dist: 0.00h).
Dia 49: Posto b6 alocado ao Foco f3 por 2.00h (dist: 0.00h).
Dia 49: Posto b6 alocado ao Foco f3 por 2.00h (dist: 0.00h).
Foco f3 cresceu para 396479.54 km^2
Foco f4 cresceu para 733881271.74 km^2

Estado dos Focos ao final do dia:
Foco f1: Extinto
Foco f2: Extinto
Foco f3: 396479.54 km^2
Foco f4: 733881271.74 km^2

--- Dia 50 ---
Dia 50: Posto b6 alocado ao Foco f3 por 2.00h (dist: 2.00h).
Dia 50: Posto b6 alocado ao Foco f3 por 2.00h (dist: 0.00h).
Dia 50: Posto b6 alocado ao Foco f3 por 2.00h (dist: 0.00h).
Dia 50: Posto b6 alocado ao Foco f3 por 2.00h (dist: 0.00h).
Dia 50: Posto b6 alocado ao Foco f3 por 2.00h (dist: 0.00h).
Foco f3 cresceu para 479631.35 km^2
Foco f4 cresceu para 998078529.56 km^2

Estado dos Focos ao final do dia:
Foco f1: Extinto
Foco f2: Extinto
Foco f3: 479631.35 km^2
Foco f4: 998078529.56 km^2

--- Dia 51 ---
Dia 51: Posto b6 alocado ao Foco f3 por 2.00h (dist: 2.00h).
Dia 51: Posto b6 alocado ao Foco f3 por 2.00h (dist: 0.00h).
Dia 51: Posto b6 alocado ao Foco f3 por 2.00h (dist: 0.00h).
Dia 51: Posto b6 alocado ao Foco f3 por 2.00h (dist: 0.00h).
Dia 51: Posto b6 alocado ao Foco f3 por 2.00h (dist: 0.00h).
Foco f3 cresceu para 580245.03 km^2
Foco f4 cresceu para 1357386800.20 km^2

Estado dos Focos ao final do dia:
Foco f1: Extinto
Foco f2: Extinto
Foco f3: 580245.03 km^2
Foco f4: 1357386800.20 km^2

--- Dia 52 ---
Dia 52: Posto b6 alocado ao Foco f3 por 2.00h (dist: 2.00h).
Dia 52: Posto b6 alocado ao Foco f3 por 2.00h (dist: 0.00h).
Dia 52: Posto b6 alocado ao Foco f3 por 2.00h (dist: 0.00h).
Dia 52: Posto b6 alocado ao Foco f3 por 2.00h (dist: 0.00h).
Dia 52: Posto b6 alocado ao Foco f3 por 2.00h (dist: 0.00h).
Foco f3 cresceu para 701987.59 km^2
Foco f4 cresceu para 1846046048.28 km^2

Estado dos Focos ao final do dia:
Foco f1: Extinto
Foco f2: Extinto
Foco f3: 701987.59 km^2
Foco f4: 1846046048.28 km^2

--- Dia 53 ---
Dia 53: Posto b6 alocado ao Foco f3 por 2.00h (dist: 2.00h).
Dia 53: Posto b6 alocado ao Foco f3 por 2.00h (dist: 0.00h).
Dia 53: Posto b6 alocado ao Foco f3 por 2.00h (dist: 0.00h).
Dia 53: Posto b6 alocado ao Foco f3 por 2.00h (dist: 0.00h).
Dia 53: Posto b6 alocado ao Foco f3 por 2.00h (dist: 0.00h).
Foco f3 cresceu para 849296.08 km^2
Foco f4 cresceu para 2510622625.66 km^2

Estado dos Focos ao final do dia:
Foco f1: Extinto
Foco f2: Extinto
Foco f3: 849296.08 km^2
Foco f4: 2510622625.66 km^2

--- Dia 54 ---
Dia 54: Posto b6 alocado ao Foco f3 por 2.00h (dist: 2.00h).
Dia 54: Posto b6 alocado ao Foco f3 por 2.00h (dist: 0.00h).
Dia 54: Posto b6 alocado ao Foco f3 por 2.00h (dist: 0.00h).
Dia 54: Posto b6 alocado ao Foco f3 por 2.00h (dist: 0.00h).
Dia 54: Posto b6 alocado ao Foco f3 por 2.00h (dist: 0.00h).
Foco f3 cresceu para 1027539.36 km^2
Foco f4 cresceu para 3414446770.89 km^2

Estado dos Focos ao final do dia:
Foco f1: Extinto
Foco f2: Extinto
Foco f3: 1027539.36 km^2
Foco f4: 3414446770.89 km^2

--- Dia 55 ---
Dia 55: Posto b6 alocado ao Foco f3 por 2.00h (dist: 2.00h).
Dia 55: Posto b6 alocado ao Foco f3 por 2.00h (dist: 0.00h).
Dia 55: Posto b6 alocado ao Foco f3 por 2.00h (dist: 0.00h).
Dia 55: Posto b6 alocado ao Foco f3 por 2.00h (dist: 0.00h).
Dia 55: Posto b6 alocado ao Foco f3 por 2.00h (dist: 0.00h).
Foco f3 cresceu para 1243213.72 km^2
Foco f4 cresceu para 4643647608.41 km^2

Estado dos Focos ao final do dia:
Foco f1: Extinto
Foco f2: Extinto
Foco f3: 1243213.72 km^2
Foco f4: 4643647608.41 km^2

--- Dia 56 ---
Dia 56: Posto b6 alocado ao Foco f3 por 2.00h (dist: 2.00h).
Dia 56: Posto b6 alocado ao Foco f3 por 2.00h (dist: 0.00h).
Dia 56: Posto b6 alocado ao Foco f3 por 2.00h (dist: 0.00h).
Dia 56: Posto b6 alocado ao Foco f3 por 2.00h (dist: 0.00h).
Dia 56: Posto b6 alocado ao Foco f3 por 2.00h (dist: 0.00h).
Foco f3 cresceu para 1504179.71 km^2
Foco f4 cresceu para 6315360747.44 km^2

Estado dos Focos ao final do dia:
Foco f1: Extinto
Foco f2: Extinto
Foco f3: 1504179.71 km^2
Foco f4: 6315360747.44 km^2

--- Dia 57 ---
Dia 57: Posto b6 alocado ao Foco f3 por 2.00h (dist: 2.00h).
Dia 57: Posto b6 alocado ao Foco f3 por 2.00h (dist: 0.00h).
Dia 57: Posto b6 alocado ao Foco f3 por 2.00h (dist: 0.00h).
Dia 57: Posto b6 alocado ao Foco f3 por 2.00h (dist: 0.00h).
Dia 57: Posto b6 alocado ao Foco f3 por 2.00h (dist: 0.00h).
Foco f3 cresceu para 1819948.55 km^2
Foco f4 cresceu para 8588890616.52 km^2

Estado dos Focos ao final do dia:
Foco f1: Extinto
Foco f2: Extinto
Foco f3: 1819948.55 km^2
Foco f4: 8588890616.52 km^2

--- Dia 58 ---
Dia 58: Posto b6 alocado ao Foco f3 por 2.00h (dist: 2.00h).
Dia 58: Posto b6 alocado ao Foco f3 por 2.00h (dist: 0.00h).
Dia 58: Posto b6 alocado ao Foco f3 por 2.00h (dist: 0.00h).
Dia 58: Posto b6 alocado ao Foco f3 por 2.00h (dist: 0.00h).
Dia 58: Posto b6 alocado ao Foco f3 por 2.00h (dist: 0.00h).
Foco f3 cresceu para 2202028.84 km^2
Foco f4 cresceu para 11680891238.47 km^2

Estado dos Focos ao final do dia:
Foco f1: Extinto
Foco f2: Extinto
Foco f3: 2202028.84 km^2
Foco f4: 11680891238.47 km^2

--- Dia 59 ---
Dia 59: Posto b6 alocado ao Foco f3 por 2.00h (dist: 2.00h).
Dia 59: Posto b6 alocado ao Foco f3 por 2.00h (dist: 0.00h).
Dia 59: Posto b6 alocado ao Foco f3 por 2.00h (dist: 0.00h).
Dia 59: Posto b6 alocado ao Foco f3 por 2.00h (dist: 0.00h).
Dia 59: Posto b6 alocado ao Foco f3 por 2.00h (dist: 0.00h).
Foco f3 cresceu para 2664346.00 km^2
Foco f4 cresceu para 15886012084.32 km^2

Estado dos Focos ao final do dia:
Foco f1: Extinto
Foco f2: Extinto
Foco f3: 2664346.00 km^2
Foco f4: 15886012084.32 km^2

--- Dia 60 ---
Dia 60: Posto b6 alocado ao Foco f3 por 2.00h (dist: 2.00h).
Dia 60: Posto b6 alocado ao Foco f3 por 2.00h (dist: 0.00h).
Dia 60: Posto b6 alocado ao Foco f3 por 2.00h (dist: 0.00h).
Dia 60: Posto b6 alocado ao Foco f3 por 2.00h (dist: 0.00h).
Dia 60: Posto b6 alocado ao Foco f3 por 2.00h (dist: 0.00h).
Foco f3 cresceu para 3223749.76 km^2
Foco f4 cresceu para 21604976434.68 km^2

Estado dos Focos ao final do dia:
Foco f1: Extinto
Foco f2: Extinto
Foco f3: 3223749.76 km^2
Foco f4: 21604976434.68 km^2

--- Dia 61 ---
Dia 61: Posto b6 alocado ao Foco f3 por 2.00h (dist: 2.00h).
Dia 61: Posto b6 alocado ao Foco f3 por 2.00h (dist: 0.00h).
Dia 61: Posto b6 alocado ao Foco f3 por 2.00h (dist: 0.00h).
Dia 61: Posto b6 alocado ao Foco f3 por 2.00h (dist: 0.00h).
Dia 61: Posto b6 alocado ao Foco f3 por 2.00h (dist: 0.00h).
Foco f3 cresceu para 3900628.30 km^2
Foco f4 cresceu para 29382767951.16 km^2

Estado dos Focos ao final do dia:
Foco f1: Extinto
Foco f2: Extinto
Foco f3: 3900628.30 km^2
Foco f4: 29382767951.16 km^2

--- Dia 62 ---
Dia 62: Posto b6 alocado ao Foco f3 por 2.00h (dist: 2.00h).
Dia 62: Posto b6 alocado ao Foco f3 por 2.00h (dist: 0.00h).
Dia 62: Posto b6 alocado ao Foco f3 por 2.00h (dist: 0.00h).
Dia 62: Posto b6 alocado ao Foco f3 por 2.00h (dist: 0.00h).
Dia 62: Posto b6 alocado ao Foco f3 por 2.00h (dist: 0.00h).
Foco f3 cresceu para 4719651.35 km^2
Foco f4 cresceu para 39960564413.58 km^2

Estado dos Focos ao final do dia:
Foco f1: Extinto
Foco f2: Extinto
Foco f3: 4719651.35 km^2
Foco f4: 39960564413.58 km^2

--- Dia 63 ---
Dia 63: Posto b6 alocado ao Foco f3 por 2.00h (dist: 2.00h).
Dia 63: Posto b6 alocado ao Foco f3 por 2.00h (dist: 0.00h).
Dia 63: Posto b6 alocado ao Foco f3 por 2.00h (dist: 0.00h).
Dia 63: Posto b6 alocado ao Foco f3 por 2.00h (dist: 0.00h).
Dia 63: Posto b6 alocado ao Foco f3 por 2.00h (dist: 0.00h).
Foco f3 cresceu para 5710669.23 km^2
Foco f4 cresceu para 54346367602.47 km^2

Estado dos Focos ao final do dia:
Foco f1: Extinto
Foco f2: Extinto
Foco f3: 5710669.23 km^2
Foco f4: 54346367602.47 km^2

--- Dia 64 ---
Dia 64: Posto b6 alocado ao Foco f3 por 2.00h (dist: 2.00h).
Dia 64: Posto b6 alocado ao Foco f3 por 2.00h (dist: 0.00h).
Dia 64: Posto b6 alocado ao Foco f3 por 2.00h (dist: 0.00h).
Dia 64: Posto b6 alocado ao Foco f3 por 2.00h (dist: 0.00h).
Dia 64: Posto b6 alocado ao Foco f3 por 2.00h (dist: 0.00h).
Foco f3 cresceu para 6909800.87 km^2
Foco f4 cresceu para 73911059939.36 km^2

Estado dos Focos ao final do dia:
Foco f1: Extinto
Foco f2: Extinto
Foco f3: 6909800.87 km^2
Foco f4: 73911059939.36 km^2

--- Dia 65 ---
Dia 65: Posto b6 alocado ao Foco f3 por 2.00h (dist: 2.00h).
Dia 65: Posto b6 alocado ao Foco f3 por 2.00h (dist: 0.00h).
Dia 65: Posto b6 alocado ao Foco f3 por 2.00h (dist: 0.00h).
Dia 65: Posto b6 alocado ao Foco f3 por 2.00h (dist: 0.00h).
Dia 65: Posto b6 alocado ao Foco f3 por 2.00h (dist: 0.00h).
Foco f3 cresceu para 8360750.15 km^2
Foco f4 cresceu para 100519041517.53 km^2

Estado dos Focos ao final do dia:
Foco f1: Extinto
Foco f2: Extinto
Foco f3: 8360750.15 km^2
Foco f4: 100519041517.53 km^2

--- Dia 66 ---
Dia 66: Posto b6 alocado ao Foco f3 por 2.00h (dist: 2.00h).
Dia 66: Posto b6 alocado ao Foco f3 por 2.00h (dist: 0.00h).
Dia 66: Posto b6 alocado ao Foco f3 por 2.00h (dist: 0.00h).
Dia 66: Posto b6 alocado ao Foco f3 por 2.00h (dist: 0.00h).
Dia 66: Posto b6 alocado ao Foco f3 por 2.00h (dist: 0.00h).
Foco f3 cresceu para 10116398.78 km^2
Foco f4 cresceu para 136705896463.84 km^2

Estado dos Focos ao final do dia:
Foco f1: Extinto
Foco f2: Extinto
Foco f3: 10116398.78 km^2
Foco f4: 136705896463.84 km^2

--- Dia 67 ---
Dia 67: Posto b6 alocado ao Foco f3 por 2.00h (dist: 2.00h).
Dia 67: Posto b6 alocado ao Foco f3 por 2.00h (dist: 0.00h).
Dia 67: Posto b6 alocado ao Foco f3 por 2.00h (dist: 0.00h).
Dia 67: Posto b6 alocado ao Foco f3 por 2.00h (dist: 0.00h).
Dia 67: Posto b6 alocado ao Foco f3 por 2.00h (dist: 0.00h).
Foco f3 cresceu para 12240733.63 km^2
Foco f4 cresceu para 185920019190.83 km^2

Estado dos Focos ao final do dia:
Foco f1: Extinto
Foco f2: Extinto
Foco f3: 12240733.63 km^2
Foco f4: 185920019190.83 km^2

--- Dia 68 ---
Dia 68: Posto b6 alocado ao Foco f3 por 2.00h (dist: 2.00h).
Dia 68: Posto b6 alocado ao Foco f3 por 2.00h (dist: 0.00h).
Dia 68: Posto b6 alocado ao Foco f3 por 2.00h (dist: 0.00h).
Dia 68: Posto b6 alocado ao Foco f3 por 2.00h (dist: 0.00h).
Dia 68: Posto b6 alocado ao Foco f3 por 2.00h (dist: 0.00h).
Foco f3 cresceu para 14811178.79 km^2
Foco f4 cresceu para 252851226099.52 km^2

Estado dos Focos ao final do dia:
Foco f1: Extinto
Foco f2: Extinto
Foco f3: 14811178.79 km^2
Foco f4: 252851226099.52 km^2

--- Dia 69 ---
Dia 69: Posto b6 alocado ao Foco f3 por 2.00h (dist: 2.00h).
Dia 69: Posto b6 alocado ao Foco f3 por 2.00h (dist: 0.00h).
Dia 69: Posto b6 alocado ao Foco f3 por 2.00h (dist: 0.00h).
Dia 69: Posto b6 alocado ao Foco f3 por 2.00h (dist: 0.00h).
Dia 69: Posto b6 alocado ao Foco f3 por 2.00h (dist: 0.00h).
Foco f3 cresceu para 17921417.44 km^2
Foco f4 cresceu para 343877667495.35 km^2

Estado dos Focos ao final do dia:
Foco f1: Extinto
Foco f2: Extinto
Foco f3: 17921417.44 km^2
Foco f4: 343877667495.35 km^2

--- Dia 70 ---
Dia 70: Posto b6 alocado ao Foco f3 por 2.00h (dist: 2.00h).
Dia 70: Posto b6 alocado ao Foco f3 por 2.00h (dist: 0.00h).
Dia 70: Posto b6 alocado ao Foco f3 por 2.00h (dist: 0.00h).
Dia 70: Posto b6 alocado ao Foco f3 por 2.00h (dist: 0.00h).
Dia 70: Posto b6 alocado ao Foco f3 por 2.00h (dist: 0.00h).
Foco f3 cresceu para 21684806.20 km^2
Foco f4 cresceu para 467673627793.68 km^2

Estado dos Focos ao final do dia:
Foco f1: Extinto
Foco f2: Extinto
Foco f3: 21684806.20 km^2
Foco f4: 467673627793.68 km^2

--- Dia 71 ---
Dia 71: Posto b6 alocado ao Foco f3 por 2.00h (dist: 2.00h).
Dia 71: Posto b6 alocado ao Foco f3 por 2.00h (dist: 0.00h).
Dia 71: Posto b6 alocado ao Foco f3 por 2.00h (dist: 0.00h).
Dia 71: Posto b6 alocado ao Foco f3 por 2.00h (dist: 0.00h).
Dia 71: Posto b6 alocado ao Foco f3 por 2.00h (dist: 0.00h).
Foco f3 cresceu para 26238506.60 km^2
Foco f4 cresceu para 636036133799.41 km^2

Estado dos Focos ao final do dia:
Foco f1: Extinto
Foco f2: Extinto
Foco f3: 26238506.60 km^2
Foco f4: 636036133799.41 km^2

--- Dia 72 ---
Dia 72: Posto b6 alocado ao Foco f3 por 2.00h (dist: 2.00h).
Dia 72: Posto b6 alocado ao Foco f3 por 2.00h (dist: 0.00h).
Dia 72: Posto b6 alocado ao Foco f3 por 2.00h (dist: 0.00h).
Dia 72: Posto b6 alocado ao Foco f3 por 2.00h (dist: 0.00h).
Dia 72: Posto b6 alocado ao Foco f3 por 2.00h (dist: 0.00h).
Foco f3 cresceu para 31748484.09 km^2
Foco f4 cresceu para 865009141967.19 km^2

Estado dos Focos ao final do dia:
Foco f1: Extinto
Foco f2: Extinto
Foco f3: 31748484.09 km^2
Foco f4: 865009141967.19 km^2

--- Dia 73 ---
Dia 73: Posto b6 alocado ao Foco f3 por 2.00h (dist: 2.00h).
Dia 73: Posto b6 alocado ao Foco f3 por 2.00h (dist: 0.00h).
Dia 73: Posto b6 alocado ao Foco f3 por 2.00h (dist: 0.00h).
Dia 73: Posto b6 alocado ao Foco f3 por 2.00h (dist: 0.00h).
Dia 73: Posto b6 alocado ao Foco f3 por 2.00h (dist: 0.00h).
Foco f3 cresceu para 38415556.85 km^2
Foco f4 cresceu para 1176412433075.38 km^2

Estado dos Focos ao final do dia:
Foco f1: Extinto
Foco f2: Extinto
Foco f3: 38415556.85 km^2
Foco f4: 1176412433075.38 km^2

--- Dia 74 ---
Dia 74: Posto b6 alocado ao Foco f3 por 2.00h (dist: 2.00h).
Dia 74: Posto b6 alocado ao Foco f3 por 2.00h (dist: 0.00h).
Dia 74: Posto b6 alocado ao Foco f3 por 2.00h (dist: 0.00h).
Dia 74: Posto b6 alocado ao Foco f3 por 2.00h (dist: 0.00h).
Dia 74: Posto b6 alocado ao Foco f3 por 2.00h (dist: 0.00h).
Foco f3 cresceu para 46482714.88 km^2
Foco f4 cresceu para 1599920908982.52 km^2

Estado dos Focos ao final do dia:
Foco f1: Extinto
Foco f2: Extinto
Foco f3: 46482714.88 km^2
Foco f4: 1599920908982.52 km^2

--- Dia 75 ---
Dia 75: Posto b6 alocado ao Foco f3 por 2.00h (dist: 2.00h).
Dia 75: Posto b6 alocado ao Foco f3 por 2.00h (dist: 0.00h).
Dia 75: Posto b6 alocado ao Foco f3 por 2.00h (dist: 0.00h).
Dia 75: Posto b6 alocado ao Foco f3 por 2.00h (dist: 0.00h).
Dia 75: Posto b6 alocado ao Foco f3 por 2.00h (dist: 0.00h).
Foco f3 cresceu para 56243976.11 km^2
Foco f4 cresceu para 2175892436216.22 km^2

Estado dos Focos ao final do dia:
Foco f1: Extinto
Foco f2: Extinto
Foco f3: 56243976.11 km^2
Foco f4: 2175892436216.22 km^2

--- Dia 76 ---
Dia 76: Posto b6 alocado ao Foco f3 por 2.00h (dist: 2.00h).
Dia 76: Posto b6 alocado ao Foco f3 por 2.00h (dist: 0.00h).
Dia 76: Posto b6 alocado ao Foco f3 por 2.00h (dist: 0.00h).
Dia 76: Posto b6 alocado ao Foco f3 por 2.00h (dist: 0.00h).
Dia 76: Posto b6 alocado ao Foco f3 por 2.00h (dist: 0.00h).
Foco f3 cresceu para 68055102.19 km^2
Foco f4 cresceu para 2959213713254.07 km^2

Estado dos Focos ao final do dia:
Foco f1: Extinto
Foco f2: Extinto
Foco f3: 68055102.19 km^2
Foco f4: 2959213713254.07 km^2

--- Dia 77 ---
Dia 77: Posto b6 alocado ao Foco f3 por 2.00h (dist: 2.00h).
Dia 77: Posto b6 alocado ao Foco f3 por 2.00h (dist: 0.00h).
Dia 77: Posto b6 alocado ao Foco f3 por 2.00h (dist: 0.00h).
Dia 77: Posto b6 alocado ao Foco f3 por 2.00h (dist: 0.00h).
Dia 77: Posto b6 alocado ao Foco f3 por 2.00h (dist: 0.00h).
Foco f3 cresceu para 82346564.75 km^2
Foco f4 cresceu para 4024530650025.53 km^2

Estado dos Focos ao final do dia:
Foco f1: Extinto
Foco f2: Extinto
Foco f3: 82346564.75 km^2
Foco f4: 4024530650025.53 km^2

--- Dia 78 ---
Dia 78: Posto b6 alocado ao Foco f3 por 2.00h (dist: 2.00h).
Dia 78: Posto b6 alocado ao Foco f3 por 2.00h (dist: 0.00h).
Dia 78: Posto b6 alocado ao Foco f3 por 2.00h (dist: 0.00h).
Dia 78: Posto b6 alocado ao Foco f3 por 2.00h (dist: 0.00h).
Dia 78: Posto b6 alocado ao Foco f3 por 2.00h (dist: 0.00h).
Foco f3 cresceu para 99639234.45 km^2
Foco f4 cresceu para 5473361684034.72 km^2

Estado dos Focos ao final do dia:
Foco f1: Extinto
Foco f2: Extinto
Foco f3: 99639234.45 km^2
Foco f4: 5473361684034.72 km^2

--- Dia 79 ---
Dia 79: Posto b6 alocado ao Foco f3 por 2.00h (dist: 2.00h).
Dia 79: Posto b6 alocado ao Foco f3 por 2.00h (dist: 0.00h).
Dia 79: Posto b6 alocado ao Foco f3 por 2.00h (dist: 0.00h).
Dia 79: Posto b6 alocado ao Foco f3 por 2.00h (dist: 0.00h).
Dia 79: Posto b6 alocado ao Foco f3 por 2.00h (dist: 0.00h).
Foco f3 cresceu para 120563364.79 km^2
Foco f4 cresceu para 7443771890287.22 km^2

Estado dos Focos ao final do dia:
Foco f1: Extinto
Foco f2: Extinto
Foco f3: 120563364.79 km^2
Foco f4: 7443771890287.22 km^2

--- Dia 80 ---
Dia 80: Posto b6 alocado ao Foco f3 por 2.00h (dist: 2.00h).
Dia 80: Posto b6 alocado ao Foco f3 por 2.00h (dist: 0.00h).
Dia 80: Posto b6 alocado ao Foco f3 por 2.00h (dist: 0.00h).
Dia 80: Posto b6 alocado ao Foco f3 por 2.00h (dist: 0.00h).
Dia 80: Posto b6 alocado ao Foco f3 por 2.00h (dist: 0.00h).
Foco f3 cresceu para 145881562.49 km^2
Foco f4 cresceu para 10123529770790.62 km^2

Estado dos Focos ao final do dia:
Foco f1: Extinto
Foco f2: Extinto
Foco f3: 145881562.49 km^2
Foco f4: 10123529770790.62 km^2

--- Dia 81 ---
Dia 81: Posto b6 alocado ao Foco f3 por 2.00h (dist: 2.00h).
Dia 81: Posto b6 alocado ao Foco f3 por 2.00h (dist: 0.00h).
Dia 81: Posto b6 alocado ao Foco f3 por 2.00h (dist: 0.00h).
Dia 81: Posto b6 alocado ao Foco f3 por 2.00h (dist: 0.00h).
Dia 81: Posto b6 alocado ao Foco f3 por 2.00h (dist: 0.00h).
Foco f3 cresceu para 176516581.71 km^2
Foco f4 cresceu para 13768000488275.25 km^2

Estado dos Focos ao final do dia:
Foco f1: Extinto
Foco f2: Extinto
Foco f3: 176516581.71 km^2
Foco f4: 13768000488275.25 km^2

--- Dia 82 ---
Dia 82: Posto b6 alocado ao Foco f3 por 2.00h (dist: 2.00h).
Dia 82: Posto b6 alocado ao Foco f3 por 2.00h (dist: 0.00h).
Dia 82: Posto b6 alocado ao Foco f3 por 2.00h (dist: 0.00h).
Dia 82: Posto b6 alocado ao Foco f3 por 2.00h (dist: 0.00h).
Dia 82: Posto b6 alocado ao Foco f3 por 2.00h (dist: 0.00h).
Foco f3 cresceu para 213584954.97 km^2
Foco f4 cresceu para 18724480664054.34 km^2

Estado dos Focos ao final do dia:
Foco f1: Extinto
Foco f2: Extinto
Foco f3: 213584954.97 km^2
Foco f4: 18724480664054.34 km^2

--- Dia 83 ---
Dia 83: Posto b6 alocado ao Foco f3 por 2.00h (dist: 2.00h).
Dia 83: Posto b6 alocado ao Foco f3 por 2.00h (dist: 0.00h).
Dia 83: Posto b6 alocado ao Foco f3 por 2.00h (dist: 0.00h).
Dia 83: Posto b6 alocado ao Foco f3 por 2.00h (dist: 0.00h).
Dia 83: Posto b6 alocado ao Foco f3 por 2.00h (dist: 0.00h).
Foco f3 cresceu para 258437686.62 km^2
Foco f4 cresceu para 25465293703113.90 km^2

Estado dos Focos ao final do dia:
Foco f1: Extinto
Foco f2: Extinto
Foco f3: 258437686.62 km^2
Foco f4: 25465293703113.90 km^2

--- Dia 84 ---
Dia 84: Posto b6 alocado ao Foco f3 por 2.00h (dist: 2.00h).
Dia 84: Posto b6 alocado ao Foco f3 por 2.00h (dist: 0.00h).
Dia 84: Posto b6 alocado ao Foco f3 por 2.00h (dist: 0.00h).
Dia 84: Posto b6 alocado ao Foco f3 por 2.00h (dist: 0.00h).
Dia 84: Posto b6 alocado ao Foco f3 por 2.00h (dist: 0.00h).
Foco f3 cresceu para 312709491.91 km^2
Foco f4 cresceu para 34632799436234.91 km^2

Estado dos Focos ao final do dia:
Foco f1: Extinto
Foco f2: Extinto
Foco f3: 312709491.91 km^2
Foco f4: 34632799436234.91 km^2

--- Dia 85 ---
Dia 85: Posto b6 alocado ao Foco f3 por 2.00h (dist: 2.00h).
Dia 85: Posto b6 alocado ao Foco f3 por 2.00h (dist: 0.00h).
Dia 85: Posto b6 alocado ao Foco f3 por 2.00h (dist: 0.00h).
Dia 85: Posto b6 alocado ao Foco f3 por 2.00h (dist: 0.00h).
Dia 85: Posto b6 alocado ao Foco f3 por 2.00h (dist: 0.00h).
Foco f3 cresceu para 378378376.31 km^2
Foco f4 cresceu para 47100607233279.48 km^2

Estado dos Focos ao final do dia:
Foco f1: Extinto
Foco f2: Extinto
Foco f3: 378378376.31 km^2
Foco f4: 47100607233279.48 km^2

--- Dia 86 ---
Dia 86: Posto b6 alocado ao Foco f3 por 2.00h (dist: 2.00h).
Dia 86: Posto b6 alocado ao Foco f3 por 2.00h (dist: 0.00h).
Dia 86: Posto b6 alocado ao Foco f3 por 2.00h (dist: 0.00h).
Dia 86: Posto b6 alocado ao Foco f3 por 2.00h (dist: 0.00h).
Dia 86: Posto b6 alocado ao Foco f3 por 2.00h (dist: 0.00h).
Foco f3 cresceu para 457837726.43 km^2
Foco f4 cresceu para 64056825837260.09 km^2

Estado dos Focos ao final do dia:
Foco f1: Extinto
Foco f2: Extinto
Foco f3: 457837726.43 km^2
Foco f4: 64056825837260.09 km^2

--- Dia 87 ---
Dia 87: Posto b6 alocado ao Foco f3 por 2.00h (dist: 2.00h).
Dia 87: Posto b6 alocado ao Foco f3 por 2.00h (dist: 0.00h).
Dia 87: Posto b6 alocado ao Foco f3 por 2.00h (dist: 0.00h).
Dia 87: Posto b6 alocado ao Foco f3 por 2.00h (dist: 0.00h).
Dia 87: Posto b6 alocado ao Foco f3 por 2.00h (dist: 0.00h).
Foco f3 cresceu para 553983540.08 km^2
Foco f4 cresceu para 87117283138673.73 km^2

Estado dos Focos ao final do dia:
Foco f1: Extinto
Foco f2: Extinto
Foco f3: 553983540.08 km^2
Foco f4: 87117283138673.73 km^2

--- Dia 88 ---
Dia 88: Posto b6 alocado ao Foco f3 por 2.00h (dist: 2.00h).
Dia 88: Posto b6 alocado ao Foco f3 por 2.00h (dist: 0.00h).
Dia 88: Posto b6 alocado ao Foco f3 por 2.00h (dist: 0.00h).
Dia 88: Posto b6 alocado ao Foco f3 por 2.00h (dist: 0.00h).
Dia 88: Posto b6 alocado ao Foco f3 por 2.00h (dist: 0.00h).
Foco f3 cresceu para 670319974.60 km^2
Foco f4 cresceu para 118479505068596.28 km^2

Estado dos Focos ao final do dia:
Foco f1: Extinto
Foco f2: Extinto
Foco f3: 670319974.60 km^2
Foco f4: 118479505068596.28 km^2

--- Dia 89 ---
Dia 89: Posto b6 alocado ao Foco f3 por 2.00h (dist: 2.00h).
Dia 89: Posto b6 alocado ao Foco f3 por 2.00h (dist: 0.00h).
Dia 89: Posto b6 alocado ao Foco f3 por 2.00h (dist: 0.00h).
Dia 89: Posto b6 alocado ao Foco f3 por 2.00h (dist: 0.00h).
Dia 89: Posto b6 alocado ao Foco f3 por 2.00h (dist: 0.00h).
Foco f3 cresceu para 811087060.37 km^2
Foco f4 cresceu para 161132126893290.97 km^2

Estado dos Focos ao final do dia:
Foco f1: Extinto
Foco f2: Extinto
Foco f3: 811087060.37 km^2
Foco f4: 161132126893290.97 km^2

--- Dia 90 ---
Dia 90: Posto b6 alocado ao Foco f3 por 2.00h (dist: 2.00h).
Dia 90: Posto b6 alocado ao Foco f3 por 2.00h (dist: 0.00h).
Dia 90: Posto b6 alocado ao Foco f3 por 2.00h (dist: 0.00h).
Dia 90: Posto b6 alocado ao Foco f3 por 2.00h (dist: 0.00h).
Dia 90: Posto b6 alocado ao Foco f3 por 2.00h (dist: 0.00h).
Foco f3 cresceu para 981415234.14 km^2
Foco f4 cresceu para 219139692574875.72 km^2

Estado dos Focos ao final do dia:
Foco f1: Extinto
Foco f2: Extinto
Foco f3: 981415234.14 km^2
Foco f4: 219139692574875.72 km^2

--- Dia 91 ---
Dia 91: Posto b6 alocado ao Foco f3 por 2.00h (dist: 2.00h).
Dia 91: Posto b6 alocado ao Foco f3 por 2.00h (dist: 0.00h).
Dia 91: Posto b6 alocado ao Foco f3 por 2.00h (dist: 0.00h).
Dia 91: Posto b6 alocado ao Foco f3 por 2.00h (dist: 0.00h).
Dia 91: Posto b6 alocado ao Foco f3 por 2.00h (dist: 0.00h).
Foco f3 cresceu para 1187512324.41 km^2
Foco f4 cresceu para 298029981901831.00 km^2

Estado dos Focos ao final do dia:
Foco f1: Extinto
Foco f2: Extinto
Foco f3: 1187512324.41 km^2
Foco f4: 298029981901831.00 km^2

--- Dia 92 ---
Dia 92: Posto b6 alocado ao Foco f3 por 2.00h (dist: 2.00h).
Dia 92: Posto b6 alocado ao Foco f3 por 2.00h (dist: 0.00h).
Dia 92: Posto b6 alocado ao Foco f3 por 2.00h (dist: 0.00h).
Dia 92: Posto b6 alocado ao Foco f3 por 2.00h (dist: 0.00h).
Dia 92: Posto b6 alocado ao Foco f3 por 2.00h (dist: 0.00h).
Foco f3 cresceu para 1436889803.64 km^2
Foco f4 cresceu para 405320775386490.19 km^2

Estado dos Focos ao final do dia:
Foco f1: Extinto
Foco f2: Extinto
Foco f3: 1436889803.64 km^2
Foco f4: 405320775386490.19 km^2

--- Dia 93 ---
Dia 93: Posto b6 alocado ao Foco f3 por 2.00h (dist: 2.00h).
Dia 93: Posto b6 alocado ao Foco f3 por 2.00h (dist: 0.00h).
Dia 93: Posto b6 alocado ao Foco f3 por 2.00h (dist: 0.00h).
Dia 93: Posto b6 alocado ao Foco f3 por 2.00h (dist: 0.00h).
Dia 93: Posto b6 alocado ao Foco f3 por 2.00h (dist: 0.00h).
Foco f3 cresceu para 1738636553.50 km^2
Foco f4 cresceu para 551236254525626.69 km^2

Estado dos Focos ao final do dia:
Foco f1: Extinto
Foco f2: Extinto
Foco f3: 1738636553.50 km^2
Foco f4: 551236254525626.69 km^2

--- Dia 94 ---
Dia 94: Posto b6 alocado ao Foco f3 por 2.00h (dist: 2.00h).
Dia 94: Posto b6 alocado ao Foco f3 por 2.00h (dist: 0.00h).
Dia 94: Posto b6 alocado ao Foco f3 por 2.00h (dist: 0.00h).
Dia 94: Posto b6 alocado ao Foco f3 por 2.00h (dist: 0.00h).
Dia 94: Posto b6 alocado ao Foco f3 por 2.00h (dist: 0.00h).
Foco f3 cresceu para 2103750120.84 km^2
Foco f4 cresceu para 749681306154852.38 km^2

Estado dos Focos ao final do dia:
Foco f1: Extinto
Foco f2: Extinto
Foco f3: 2103750120.84 km^2
Foco f4: 749681306154852.38 km^2

--- Dia 95 ---
Dia 95: Posto b6 alocado ao Foco f3 por 2.00h (dist: 2.00h).
Dia 95: Posto b6 alocado ao Foco f3 por 2.00h (dist: 0.00h).
Dia 95: Posto b6 alocado ao Foco f3 por 2.00h (dist: 0.00h).
Dia 95: Posto b6 alocado ao Foco f3 por 2.00h (dist: 0.00h).
Dia 95: Posto b6 alocado ao Foco f3 por 2.00h (dist: 0.00h).
Foco f3 cresceu para 2545537537.31 km^2
Foco f4 cresceu para 1019566576370599.25 km^2

Estado dos Focos ao final do dia:
Foco f1: Extinto
Foco f2: Extinto
Foco f3: 2545537537.31 km^2
Foco f4: 1019566576370599.25 km^2

--- Dia 96 ---
Dia 96: Posto b6 alocado ao Foco f3 por 2.00h (dist: 2.00h).
Dia 96: Posto b6 alocado ao Foco f3 por 2.00h (dist: 0.00h).
Dia 96: Posto b6 alocado ao Foco f3 por 2.00h (dist: 0.00h).
Dia 96: Posto b6 alocado ao Foco f3 por 2.00h (dist: 0.00h).
Dia 96: Posto b6 alocado ao Foco f3 por 2.00h (dist: 0.00h).
Foco f3 cresceu para 3080100311.25 km^2
Foco f4 cresceu para 1386610543864015.00 km^2

Estado dos Focos ao final do dia:
Foco f1: Extinto
Foco f2: Extinto
Foco f3: 3080100311.25 km^2
Foco f4: 1386610543864015.00 km^2

--- Dia 97 ---
Dia 97: Posto b6 alocado ao Foco f3 por 2.00h (dist: 2.00h).
Dia 97: Posto b6 alocado ao Foco f3 por 2.00h (dist: 0.00h).
Dia 97: Posto b6 alocado ao Foco f3 por 2.00h (dist: 0.00h).
Dia 97: Posto b6 alocado ao Foco f3 por 2.00h (dist: 0.00h).
Dia 97: Posto b6 alocado ao Foco f3 por 2.00h (dist: 0.00h).
Foco f3 cresceu para 3726921267.71 km^2
Foco f4 cresceu para 1885790339655060.50 km^2

Estado dos Focos ao final do dia:
Foco f1: Extinto
Foco f2: Extinto
Foco f3: 3726921267.71 km^2
Foco f4: 1885790339655060.50 km^2

--- Dia 98 ---
Dia 98: Posto b6 alocado ao Foco f3 por 2.00h (dist: 2.00h).
Dia 98: Posto b6 alocado ao Foco f3 por 2.00h (dist: 0.00h).
Dia 98: Posto b6 alocado ao Foco f3 por 2.00h (dist: 0.00h).
Dia 98: Posto b6 alocado ao Foco f3 por 2.00h (dist: 0.00h).
Dia 98: Posto b6 alocado ao Foco f3 por 2.00h (dist: 0.00h).
Foco f3 cresceu para 4509574625.03 km^2
Foco f4 cresceu para 2564674861930882.50 km^2

Estado dos Focos ao final do dia:
Foco f1: Extinto
Foco f2: Extinto
Foco f3: 4509574625.03 km^2
Foco f4: 2564674861930882.50 km^2

--- Dia 99 ---
Dia 99: Posto b6 alocado ao Foco f3 por 2.00h (dist: 2.00h).
Dia 99: Posto b6 alocado ao Foco f3 por 2.00h (dist: 0.00h).
Dia 99: Posto b6 alocado ao Foco f3 por 2.00h (dist: 0.00h).
Dia 99: Posto b6 alocado ao Foco f3 por 2.00h (dist: 0.00h).
Dia 99: Posto b6 alocado ao Foco f3 por 2.00h (dist: 0.00h).
Foco f3 cresceu para 5456585187.39 km^2
Foco f4 cresceu para 3487957812226000.50 km^2

Estado dos Focos ao final do dia:
Foco f1: Extinto
Foco f2: Extinto
Foco f3: 5456585187.39 km^2
Foco f4: 3487957812226000.50 km^2

--- Dia 100 ---
Dia 100: Posto b6 alocado ao Foco f3 por 2.00h (dist: 2.00h).
Dia 100: Posto b6 alocado ao Foco f3 por 2.00h (dist: 0.00h).
Dia 100: Posto b6 alocado ao Foco f3 por 2.00h (dist: 0.00h).
Dia 100: Posto b6 alocado ao Foco f3 por 2.00h (dist: 0.00h).
Dia 100: Posto b6 alocado ao Foco f3 por 2.00h (dist: 0.00h).
Foco f3 cresceu para 6602467967.84 km^2
Foco f4 cresceu para 4743622624627361.00 km^2

Estado dos Focos ao final do dia:
Foco f1: Extinto
Foco f2: Extinto
Foco f3: 6602467967.84 km^2
Foco f4: 4743622624627361.00 km^2

--- Relatorio Final ---
Foco f1 extinto no Dia 2.
Foco f2 extinto no Dia 6.
Foco f3 nao extinto. Area restante: 6602467967.84 km^2.
Foco f4 nao extinto. Area restante: 4743622624627361.00 km^2.
Nao foi possivel extinguir todos os focos com os recursos disponiveis.