
--- Dia 1 ---
Dia 1: Posto b6 alocado ao Foco f2 por 2.00h (dist: 1.00h).
Dia 1: Posto b6 alocado ao Foco f2 por 2.00h (dist: 0.00h).
Dia 1: Posto b6 alocado ao Foco f2 por 2.00h (dist: 0.00h).
Dia 1: Posto b6 alocado ao Foco f2 por 2.00h (dist: 0.00h).
Dia 1: Posto b6 alocado ao Foco f2 por 2.00h (dist: 0.00h).
Dia 1: Posto b6 alocado ao Foco f2 por 1.00h (dist: 0.00h).
Dia 1: Posto b5 alocado ao Foco f2 por 2.00h (dist: 2.00h).
Dia 1: Posto b5 alocado ao Foco f2 por 2.00h (dist: 0.00h).
Dia 1: Posto b5 alocado ao Foco f2 por 2.00h (dist: 0.00h).
Dia 1: Posto b5 alocado ao Foco f2 por 2.00h (dist: 0.00h).
Dia 1: Posto b5 alocado ao Foco f2 por 2.00h (dist: 0.00h).
Dia 1: Posto b2 alocado ao Foco f2 por 2.00h (dist: 2.00h).
Dia 1: Posto b2 alocado ao Foco f2 por 2.00h (dist: 0.00h).
Dia 1: Posto b2 alocado ao Foco f2 por 2.00h (dist: 0.00h).
Dia 1: Posto b2 alocado ao Foco f2 por 2.00h (dist: 0.00h).
Dia 1: Posto b2 alocado ao Foco f2 por 2.00h (dist: 0.00h).
Dia 1: Posto b4 alocado ao Foco f1 por 2.00h (dist: 2.00h).
Dia 1: Posto b4 alocado ao Foco f1 por 2.00h (dist: 0.00h).
Dia 1: Posto b4 alocado ao Foco f1 por 2.00h (dist: 0.00h).
Dia 1: Posto b4 alocado ao Foco f1 por 2.00h (dist: 0.00h).
Dia 1: Posto b4 alocado ao Foco f1 por 2.00h (dist: 0.00h).
Dia 1: Posto b13 alocado ao Foco f2 por 2.00h (dist: 2.00h).
Dia 1: Posto b13 alocado ao Foco f2 por 2.00h (dist: 0.00h).
Dia 1: Posto b13 alocado ao Foco f2 por 2.00h (dist: 0.00h).
Dia 1: Posto b13 alocado ao Foco f2 por 2.00h (dist: 0.00h).
Dia 1: Posto b13 alocado ao Foco f2 por 2.00h (dist: 0.00h).
Dia 1: Posto b14 alocado ao Foco f2 por 2.00h (dist: 2.00h).
Dia 1: Posto b14 alocado ao Foco f2 por 2.00h (dist: 0.00h).
Dia 1: Posto b14 alocado ao Foco f2 por 2.00h (dist: 0.00h).
Dia 1: Posto b14 alocado ao Foco f2 por 2.00h (dist: 0.00h).
Dia 1: Posto b14 alocado ao Foco f2 por 2.00h (dist: 0.00h).
Dia 1: Posto b7 alocado ao Foco f2 por 2.00h (dist: 2.00h).
Dia 1: Posto b7 alocado ao Foco f2 por 2.00h (dist: 0.00h).
Dia 1: Posto b7 alocado ao Foco f2 por 2.00h (dist: 0.00h).
Dia 1: Posto b7 alocado ao Foco f2 por 2.00h (dist: 0.00h).
Dia 1: Posto b7 alocado ao Foco f2 por 2.00h (dist: 0.00h).
Dia 1: Posto b3 alocado ao Foco f1 por 2.00h (dist: 3.00h).
Dia 1: Posto b3 alocado ao Foco f1 por 2.00h (dist: 0.00h).
Dia 1: Posto b3 alocado ao Foco f1 por 2.00h (dist: 0.00h).
Dia 1: Posto b3 alocado ao Foco f1 por 2.00h (dist: 0.00h).
Dia 1: Posto b3 alocado ao Foco f1 por 1.00h (dist: 0.00h).
Dia 1: Posto b8 alocado ao Foco f1 por 2.00h (dist: 3.00h).
Dia 1: Posto b8 alocado ao Foco f1 por 2.00h (dist: 0.00h).
Dia 1: Posto b8 alocado ao Foco f1 por 2.00h (dist: 0.00h).
Dia 1: Posto b8 alocado ao Foco f1 por 2.00h (dist: 0.00h).
Dia 1: Posto b8 alocado ao Foco f1 por 1.00h (dist: 0.00h).
Dia 1: Posto b12 alocado ao Foco f2 por 2.00h (dist: 3.00h).
Dia 1: Posto b12 alocado ao Foco f2 por 2.00h (dist: 0.00h).
Dia 1: Posto b12 alocado ao Foco f2 por 2.00h (dist: 0.00h).
Dia 1: Posto b12 alocado ao Foco f2 por 2.00h (dist: 0.00h).
Dia 1: Posto b12 alocado ao Foco f2 por 1.00h (dist: 0.00h).
Dia 1: Posto b1 alocado ao Foco f1 por 2.00h (dist: 3.00h).
Dia 1: Posto b1 alocado ao Foco f1 por 2.00h (dist: 0.00h).
Dia 1: Posto b1 alocado ao Foco f1 por 2.00h (dist: 0.00h).
Dia 1: Posto b1 alocado ao Foco f1 por 2.00h (dist: 0.00h).
Dia 1: Posto b1 alocado ao Foco f1 por 1.00h (dist: 0.00h).
Dia 1: Posto b15 alocado ao Foco f2 por 2.00h (dist: 3.00h).
Dia 1: Posto b15 alocado ao Foco f2 por 2.00h (dist: 0.00h).
Dia 1: Posto b15 alocado ao Foco f2 por 2.00h (dist: 0.00h).
Dia 1: Posto b15 alocado ao Foco f2 por 2.00h (dist: 0.00h).
Dia 1: Posto b15 alocado ao Foco f2 por 1.00h (dist: 0.00h).
Dia 1: Posto b10 alocado ao Foco f3 por 2.00h (dist: 2.00h).
Dia 1: Posto b10 alocado ao Foco f3 por 2.00h (dist: 0.00h).
Dia 1: Posto b10 alocado ao Foco f3 por 2.00h (dist: 0.00h).
Dia 1: Posto b10 alocado ao Foco f3 por 2.00h (dist: 0.00h).
Dia 1: Posto b10 alocado ao Foco f3 por 2.00h (dist: 0.00h).
Dia 1: Posto b9 alocado ao Foco f1 por 2.00h (dist: 5.00h).
Dia 1: Posto b9 alocado ao Foco f1 por 2.00h (dist: 0.00h).
Dia 1: Posto b9 alocado ao Foco f1 por 2.00h (dist: 0.00h).
Dia 1: Posto b9 alocado ao Foco f1 por 1.00h (dist: 0.00h).
Foco f3 cresceu para 554.20 km^2

Estado dos Focos ao final do dia:
Foco f1: Extinto
Foco f2: Extinto
Foco f3: 554.20 km^2

--- Dia 2 ---
Dia 2: Posto b10 alocado ao Foco f3 por 2.00h (dist: 2.00h).
Dia 2: Posto b10 alocado ao Foco f3 por 2.00h (dist: 0.00h).
Dia 2: Posto b10 alocado ao Foco f3 por 2.00h (dist: 0.00h).
Dia 2: Posto b10 alocado ao Foco f3 por 2.00h (dist: 0.00h).
Dia 2: Posto b10 alocado ao Foco f3 por 2.00h (dist: 0.00h).
Dia 2: Posto b8 alocado ao Foco f3 por 2.00h (dist: 3.00h).
Dia 2: Posto b8 alocado ao Foco f3 por 2.00h (dist: 0.00h).
Dia 2: Posto b8 alocado ao Foco f3 por 2.00h (dist: 0.00h).
Dia 2: Posto b8 alocado ao Foco f3 por 2.00h (dist: 0.00h).
Dia 2: Posto b8 alocado ao Foco f3 por 1.00h (dist: 0.00h).
Dia 2: Posto b13 alocado ao Foco f3 por 2.00h (dist: 4.00h).
Dia 2: Posto b13 alocado ao Foco f3 por 2.00h (dist: 0.00h).
Dia 2: Posto b13 alocado ao Foco f3 por 2.00h (dist: 0.00h).
Dia 2: Posto b13 alocado ao Foco f3 por 2.00h (dist: 0.00h).
Dia 2: Posto b4 alocado ao Foco f3 por 2.00h (dist: 4.00h).
Dia 2: Posto b4 alocado ao Foco f3 por 2.00h (dist: 0.00h).
Dia 2: Posto b4 alocado ao Foco f3 por 2.00h (dist: 0.00h).
Dia 2: Posto b4 alocado ao Foco f3 por 2.00h (dist: 0.00h).
Dia 2: Posto b3 alocado ao Foco f3 por 2.00h (dist: 5.00h).
Dia 2: Posto b3 alocado ao Foco f3 por 2.00h (dist: 0.00h).
Dia 2: Posto b3 alocado ao Foco f3 por 2.00h (dist: 0.00h).
Dia 2: Posto b3 alocado ao Foco f3 por 1.00h (dist: 0.00h).
Dia 2: Posto b14 alocado ao Foco f3 por 2.00h (dist: 5.00h).
Dia 2: Posto b14 alocado ao Foco f3 por 2.00h (dist: 0.00h).
Dia 2: Posto b14 alocado ao Foco f3 por 2.00h (dist: 0.00h).
Dia 2: Posto b14 alocado ao Foco f3 por 1.00h (dist: 0.00h).
Dia 2: Posto b6 alocado ao Foco f3 por 2.00h (dist: 5.00h).
Dia 2: Posto b6 alocado ao Foco f3 por 2.00h (dist: 0.00h).
Dia 2: Posto b6 alocado ao Foco f3 por 2.00h (dist: 0.00h).
Dia 2: Posto b6 alocado ao Foco f3 por 1.00h (dist: 0.00h).
Foco f3 cresceu para 222.01 km^2

Estado dos Focos ao final do dia:
Foco f1: Extinto
Foco f2: Extinto
Foco f3: 222.01 km^2

--- Dia 3 ---
Dia 3: Posto b10 alocado ao Foco f3 por 2.00h (dist: 2.00h).
Dia 3: Posto b10 alocado ao Foco f3 por 2.00h (dist: 0.00h).
Dia 3: Posto b10 alocado ao Foco f3 por 2.00h (dist: 0.00h).
Dia 3: Posto b10 alocado ao Foco f3 por 2.00h (dist: 0.00h).
Dia 3: Posto b10 alocado ao Foco f3 por 2.00h (dist: 0.00h).
Dia 3: Posto b8 alocado ao Foco f3 por 2.00h (dist: 3.00h).
Dia 3: Posto b8 alocado ao Foco f3 por 2.00h (dist: 0.00h).
Dia 3: Posto b8 alocado ao Foco f3 por 2.00h (dist: 0.00h).
Dia 3: Posto b8 alocado ao Foco f3 por 2.00h (dist: 0.00h).
Dia 3: Posto b8 alocado ao Foco f3 por 1.00h (dist: 0.00h).
Dia 3: Posto b13 alocado ao Foco f3 por 2.00h (dist: 4.00h).
Dia 3: Posto b13 alocado ao Foco f3 por 2.00h (dist: 0.00h).
Dia 3: Posto b13 alocado ao Foco f3 por 2.00h (dist: 0.00h).
Dia 3: Posto b13 alocado ao Foco f3 por 2.00h (dist: 0.00h).
Dia 3: Posto b4 alocado ao Foco f3 por 2.00h (dist: 4.00h).
Dia 3: Posto b4 alocado ao Foco f3 por 2.00h (dist: 0.00h).
Dia 3: Posto b4 alocado ao Foco f3 por 2.00h (dist: 0.00h).
Dia 3: Posto b4 alocado ao Foco f3 por 2.00h (dist: 0.00h).
Dia 3: Posto b3 alocado ao Foco f3 por 2.00h (dist: 5.00h).
Dia 3: Posto b3 alocado ao Foco f3 por 2.00h (dist: 0.00h).
Dia 3: Posto b3 alocado ao Foco f3 por 2.00h (dist: 0.00h).
Dia 3: Posto b3 alocado ao Foco f3 por 1.00h (dist: 0.00h).
Dia 3: Posto b14 alocado ao Foco f3 por 2.00h (dist: 5.00h).
Dia 3: Posto b14 alocado ao Foco f3 por 2.00h (dist: 0.00h).
Dia 3: Posto b14 alocado ao Foco f3 por 2.00h (dist: 0.00h).
Dia 3: Posto b14 alocado ao Foco f3 por 1.00h (dist: 0.00h).
Dia 3: Posto b6 alocado ao Foco f3 por 2.00h (dist: 5.00h).
Dia 3: Posto b6 alocado ao Foco f3 por 2.00h (dist: 0.00h).
Dia 3: Posto b6 alocado ao Foco f3 por 2.00h (dist: 0.00h).
Dia 3: Posto b6 alocado ao Foco f3 por 1.00h (dist: 0.00h).

Estado dos Focos ao final do dia:
Foco f1: Extinto
Foco f2: Extinto
Foco f3: Extinto

--- Dia 4 ---
Todos os focos foram extintos. Simulacao encerrada.

--- Relatorio Final ---
Foco f1 extinto no Dia 1.
Foco f2 extinto no Dia 1.
Foco f3 extinto no Dia 3.
Todos os focos foram extintos em 3 dias.