
--- Dia 1 ---
Dia 1: Posto b10 alocado ao Foco f7 por 2.00h (dist: 2.00h).
Dia 1: Posto b10 alocado ao Foco f7 por 2.00h (dist: 0.00h).
Dia 1: Posto b10 alocado ao Foco f7 por 2.00h (dist: 0.00h).
Dia 1: Posto b10 alocado ao Foco f7 por 2.00h (dist: 0.00h).
Dia 1: Posto b3 alocado ao Foco f4 por 2.00h (dist: 1.00h).
Dia 1: Posto b3 alocado ao Foco f4 por 2.00h (dist: 0.00h).
Dia 1: Posto b3 alocado ao Foco f4 por 2.00h (dist: 0.00h).
Dia 1: Posto b3 alocado ao Foco f4 por 2.00h (dist: 0.00h).
Dia 1: Posto b3 alocado ao Foco f4 por 2.00h (dist: 0.00h).
Dia 1: Posto b3 alocado ao Foco f4 por 1.00h (dist: 0.00h).
Dia 1: Posto b9 alocado ao Foco f7 por 2.00h (dist: 2.00h).
Dia 1: Posto b9 alocado ao Foco f7 por 2.00h (dist: 0.00h).
Dia 1: Posto b9 alocado ao Foco f7 por 2.00h (dist: 0.00h).
Dia 1: Posto b9 alocado ao Foco f7 por 2.00h (dist: 0.00h).
Dia 1: Posto b10 alocado ao Foco f7 por 2.00h (dist: 0.00h).
Dia 1: Posto b4 alocado ao Foco f3 por 2.00h (dist: 1.00h).
Dia 1: Posto b4 alocado ao Foco f3 por 2.00h (dist: 0.00h).
Dia 1: Posto b4 alocado ao Foco f3 por 2.00h (dist: 0.00h).
Dia 1: Posto b4 alocado ao Foco f3 por 2.00h (dist: 0.00h).
Dia 1: Posto b7 alocado ao Foco f4 por 2.00h (dist: 3.00h).
Dia 1: Posto b7 alocado ao Foco f4 por 2.00h (dist: 0.00h).
Dia 1: Posto b7 alocado ao Foco f4 por 2.00h (dist: 0.00h).
Dia 1: Posto b7 alocado ao Foco f4 por 2.00h (dist: 0.00h).
Dia 1: Posto b7 alocado ao Foco f4 por 1.00h (dist: 0.00h).
Dia 1: Posto b9 alocado ao Foco f7 por 2.00h (dist: 0.00h).
Dia 1: Posto b5 alocado ao Foco f2 por 2.00h (dist: 2.00h).
Dia 1: Posto b5 alocado ao Foco f2 por 2.00h (dist: 0.00h).
Dia 1: Posto b5 alocado ao Foco f2 por 2.00h (dist: 0.00h).
Dia 1: Posto b5 alocado ao Foco f2 por 2.00h (dist: 0.00h).
Dia 1: Posto b4 alocado ao Foco f3 por 2.00h (dist: 0.00h).
Dia 1: Posto b5 alocado ao Foco f2 por 2.00h (dist: 0.00h).
Dia 1: Posto b4 alocado ao Foco f3 por 1.00h (dist: 0.00h).
Dia 1: Posto b2 alocado ao Foco f3 por 2.00h (dist: 2.00h).
Dia 1: Posto b2 alocado ao Foco f3 por 2.00h (dist: 0.00h).
Dia 1: Posto b2 alocado ao Foco f3 por 2.00h (dist: 0.00h).
Dia 1: Posto b2 alocado ao Foco f3 por 2.00h (dist: 0.00h).
Dia 1: Posto b2 alocado ao Foco f3 por 2.00h (dist: 0.00h).
Dia 1: Posto b6 alocado ao Foco f4 por 2.00h (dist: 3.00h).
Dia 1: Posto b6 alocado ao Foco f4 por 2.00h (dist: 0.00h).
Dia 1: Posto b6 alocado ao Foco f4 por 2.00h (dist: 0.00h).
Dia 1: Posto b6 alocado ao Foco f4 por 2.00h (dist: 0.00h).
Dia 1: Posto b6 alocado ao Foco f4 por 1.00h (dist: 0.00h).
Dia 1: Posto b8 alocado ao Foco f8 por 2.00h (dist: 2.00h).
Dia 1: Posto b8 alocado ao Foco f8 por 2.00h (dist: 0.00h).
Dia 1: Posto b8 alocado ao Foco f8 por 2.00h (dist: 0.00h).
Dia 1: Posto b8 alocado ao Foco f8 por 2.00h (dist: 0.00h).
Dia 1: Posto b8 alocado ao Foco f8 por 2.00h (dist: 0.00h).
Dia 1: Posto b1 alocado ao Foco f3 por 2.00h (dist: 3.00h).
Dia 1: Posto b1 alocado ao Foco f3 por 2.00h (dist: 0.00h).
Dia 1: Posto b1 alocado ao Foco f3 por 2.00h (dist: 0.00h).
Dia 1: Posto b1 alocado ao Foco f3 por 2.00h (dist: 0.00h).
Dia 1: Posto b1 alocado ao Foco f3 por 1.00h (dist: 0.00h).
Foco f1 cresceu para 91.02 km^2
Foco f5 cresceu para 32.10 km^2
Foco f6 cresceu para 78.75 km^2
Foco f8 cresceu para 46.44 km^2

Estado dos Focos ao final do dia:
Foco f1: 91.02 km^2
Foco f2: Extinto
Foco f3: Extinto
Foco f4: Extinto
Foco f5: 32.10 km^2
Foco f6: 78.75 km^2
Foco f7: Extinto
Foco f8: 46.44 km^2

--- Dia 2 ---
Dia 2: Posto b9 alocado ao Foco f8 por 2.00h (dist: 2.00h).
Dia 2: Posto b9 alocado ao Foco f8 por 2.00h (dist: 0.00h).
Dia 2: Posto b9 alocado ao Foco f8 por 2.00h (dist: 0.00h).
Dia 2: Posto b9 alocado ao Foco f8 por 2.00h (dist: 0.00h).
Dia 2: Posto b10 alocado ao Foco f8 por 2.00h (dist: 3.00h).
Dia 2: Posto b10 alocado ao Foco f8 por 2.00h (dist: 0.00h).
Dia 2: Posto b10 alocado ao Foco f8 por 2.00h (dist: 0.00h).
Dia 2: Posto b10 alocado ao Foco f8 por 2.00h (dist: 0.00h).
Dia 2: Posto b8 alocado ao Foco f8 por 2.00h (dist: 2.00h).
Dia 2: Posto b8 alocado ao Foco f8 por 2.00h (dist: 0.00h).
Dia 2: Posto b8 alocado ao Foco f8 por 2.00h (dist: 0.00h).
Dia 2: Posto b8 alocado ao Foco f8 por 2.00h (dist: 0.00h).
Dia 2: Posto b9 alocado ao Foco f8 por 2.00h (dist: 0.00h).
Dia 2: Posto b10 alocado ao Foco f8 por 1.00h (dist: 0.00h).
Dia 2: Posto b8 alocado ao Foco f8 por 2.00h (dist: 0.00h).
Dia 2: Posto b2 alocado ao Foco f5 por 2.00h (dist: 2.00h).
Dia 2: Posto b2 alocado ao Foco f5 por 2.00h (dist: 0.00h).
Dia 2: Posto b4 alocado ao Foco f5 por 2.00h (dist: 1.00h).
Dia 2: Posto b4 alocado ao Foco f5 por 2.00h (dist: 0.00h).
Dia 2: Posto b2 alocado ao Foco f5 por 2.00h (dist: 0.00h).
Dia 2: Posto b4 alocado ao Foco f5 por 2.00h (dist: 0.00h).
Dia 2: Posto b5 alocado ao Foco f1 por 2.00h (dist: 1.00h).
Dia 2: Posto b5 alocado ao Foco f1 por 2.00h (dist: 0.00h).
Dia 2: Posto b2 alocado ao Foco f5 por 2.00h (dist: 0.00h).
Dia 2: Posto b5 alocado ao Foco f1 por 2.00h (dist: 0.00h).
Dia 2: Posto b4 alocado ao Foco f5 por 2.00h (dist: 0.00h).
Dia 2: Posto b7 alocado ao Foco f5 por 2.00h (dist: 4.00h).
Dia 2: Posto b7 alocado ao Foco f5 por 2.00h (dist: 0.00h).
Dia 2: Posto b7 alocado ao Foco f5 por 2.00h (dist: 0.00h).
Dia 2: Posto b7 alocado ao Foco f5 por 2.00h (dist: 0.00h).
Dia 2: Posto b1 alocado ao Foco f8 por 2.00h (dist: 5.00h).
Dia 2: Posto b1 alocado ao Foco f8 por 2.00h (dist: 0.00h).
Dia 2: Posto b1 alocado ao Foco f8 por 2.00h (dist: 0.00h).
Dia 2: Posto b1 alocado ao Foco f8 por 1.00h (dist: 0.00h).
Dia 2: Posto b5 alocado ao Foco f1 por 2.00h (dist: 0.00h).
Dia 2: Posto b3 alocado ao Foco f5 por 2.00h (dist: 3.00h).
Dia 2: Posto b3 alocado ao Foco f5 por 2.00h (dist: 0.00h).
Dia 2: Posto b3 alocado ao Foco f5 por 2.00h (dist: 0.00h).
Dia 2: Posto b4 alocado ao Foco f5 por 2.00h (dist: 0.00h).
Dia 2: Posto b2 alocado ao Foco f5 por 2.00h (dist: 0.00h).
Dia 2: Posto b5 alocado ao Foco f1 por 2.00h (dist: 0.00h).
Dia 2: Posto b3 alocado ao Foco f5 por 2.00h (dist: 0.00h).
Dia 2: Posto b6 alocado ao Foco f6 por 2.00h (dist: 2.00h).
Dia 2: Posto b6 alocado ao Foco f6 por 2.00h (dist: 0.00h).
Dia 2: Posto b6 alocado ao Foco f6 por 2.00h (dist: 0.00h).
Dia 2: Posto b6 alocado ao Foco f6 por 2.00h (dist: 0.00h).
Dia 2: Posto b5 alocado ao Foco f1 por 1.00h (dist: 0.00h).
Dia 2: Posto b4 alocado ao Foco f5 por 1.00h (dist: 0.00h).
Dia 2: Posto b3 alocado ao Foco f5 por 1.00h (dist: 0.00h).
Dia 2: Posto b6 alocado ao Foco f6 por 2.00h (dist: 0.00h).
Foco f6 cresceu para 9.19 km^2

Estado dos Focos ao final do dia:
Foco f1: Extinto
Foco f2: Extinto
Foco f3: Extinto
Foco f4: Extinto
Foco f5: Extinto
Foco f6: 9.19 km^2
Foco f7: Extinto
Foco f8: Extinto

--- Dia 3 ---
Dia 3: Posto b6 alocado ao Foco f6 por 2.00h (dist: 2.00h).
Dia 3: Posto b6 alocado ao Foco f6 por 2.00h (dist: 0.00h).
Dia 3: Posto b6 alocado ao Foco f6 por 2.00h (dist: 0.00h).
Dia 3: Posto b3 alocado ao Foco f6 por 2.00h (dist: 2.00h).
Dia 3: Posto b3 alocado ao Foco f6 por 2.00h (dist: 0.00h).
Dia 3: Posto b7 alocado ao Foco f6 por 2.00h (dist: 4.00h).
Dia 3: Posto b7 alocado ao Foco f6 por 2.00h (dist: 0.00h).
Dia 3: Posto b7 alocado ao Foco f6 por 2.00h (dist: 0.00h).
Dia 3: Posto b3 alocado ao Foco f6 por 2.00h (dist: 0.00h).
Dia 3: Posto b7 alocado ao Foco f6 por 2.00h (dist: 0.00h).
Dia 3: Posto b6 alocado ao Foco f6 por 2.00h (dist: 0.00h).
Dia 3: Posto b3 alocado ao Foco f6 por 2.00h (dist: 0.00h).
Dia 3: Posto b4 alocado ao Foco f6 por 2.00h (dist: 4.00h).
Dia 3: Posto b4 alocado ao Foco f6 por 2.00h (dist: 0.00h).
Dia 3: Posto b4 alocado ao Foco f6 por 2.00h (dist: 0.00h).
Dia 3: Posto b4 alocado ao Foco f6 por 2.00h (dist: 0.00h).
Dia 3: Posto b6 alocado ao Foco f6 por 2.00h (dist: 0.00h).
Dia 3: Posto b3 alocado ao Foco f6 por 2.00h (dist: 0.00h).
Dia 3: Posto b2 alocado ao Foco f6 por 2.00h (dist: 5.00h).
Dia 3: Posto b2 alocado ao Foco f6 por 2.00h (dist: 0.00h).
Dia 3: Posto b2 alocado ao Foco f6 por 2.00h (dist: 0.00h).
Dia 3: Posto b2 alocado ao Foco f6 por 1.00h (dist: 0.00h).

Estado dos Focos ao final do dia:
Foco f1: Extinto
Foco f2: Extinto
Foco f3: Extinto
Foco f4: Extinto
Foco f5: Extinto
Foco f6: Extinto
Foco f7: Extinto
Foco f8: Extinto

--- Dia 4 ---
Todos os focos foram extintos. Simulacao encerrada.

--- Relatorio Final ---
Foco f1 extinto no Dia 2.
Foco f2 extinto no Dia 1.
Foco f3 extinto no Dia 1.
Foco f4 extinto no Dia 1.
Foco f5 extinto no Dia 2.
Foco f6 extinto no Dia 3.
Foco f7 extinto no Dia 1.
Foco f8 extinto no Dia 2.
Todos os focos foram extintos em 3 dias.