
--- Dia 1 ---
Dia 1: Posto b1 alocado ao Foco f3 por 2.00h (dist: 2.00h).
Dia 1: Posto b1 alocado ao Foco f3 por 2.00h (dist: 0.00h).
Dia 1: Posto b1 alocado ao Foco f3 por 2.00h (dist: 0.00h).
Dia 1: Posto b1 alocado ao Foco f3 por 2.00h (dist: 0.00h).
Dia 1: Posto b1 alocado ao Foco f3 por 2.00h (dist: 0.00h).
Dia 1: Posto b5 alocado ao Foco f3 por 2.00h (dist: 2.00h).
Dia 1: Posto b5 alocado ao Foco f3 por 2.00h (dist: 0.00h).
Dia 1: Posto b5 alocado ao Foco f3 por 2.00h (dist: 0.00h).
Dia 1: Posto b5 alocado ao Foco f3 por 2.00h (dist: 0.00h).
Dia 1: Posto b5 alocado ao Foco f3 por 2.00h (dist: 0.00h).
Dia 1: Posto b3 alocado ao Foco f3 por 2.00h (dist: 3.00h).
Dia 1: Posto b3 alocado ao Foco f3 por 2.00h (dist: 0.00h).
Dia 1: Posto b3 alocado ao Foco f3 por 2.00h (dist: 0.00h).
Dia 1: Posto b3 alocado ao Foco f3 por 2.00h (dist: 0.00h).
Dia 1: Posto b3 alocado ao Foco f3 por 1.00h (dist: 0.00h).
Dia 1: Posto b4 alocado ao Foco f3 por 2.00h (dist: 5.00h).
Dia 1: Posto b4 alocado ao Foco f3 por 2.00h (dist: 0.00h).
Dia 1: Posto b4 alocado ao Foco f3 por 2.00h (dist: 0.00h).
Dia 1: Posto b4 alocado ao Foco f3 por 1.00h (dist: 0.00h).
Foco f1 cresceu para 321.85 km^2
Foco f2 cresceu para 130.80 km^2
Foco f4 cresceu para 141.90 km^2
Foco f5 cresceu para 294.64 km^2

Estado dos Focos ao final do dia:
Foco f1: 321.85 km^2
Foco f2: 130.80 km^2
Foco f3: Extinto
Foco f4: 141.90 km^2
Foco f5: 294.64 km^2

--- Dia 2 ---
Dia 2: Posto b1 alocado ao Foco f1 por 2.00h (dist: 3.00h).
Dia 2: Posto b1 alocado ao Foco f1 por 2.00h (dist: 0.00h).
Dia 2: Posto b1 alocado ao Foco f1 por 2.00h (dist: 0.00h).
Dia 2: Posto b1 alocado ao Foco f1 por 2.00h (dist: 0.00h).
Dia 2: Posto b1 alocado ao Foco f1 por 1.00h (dist: 0.00h).
Dia 2: Posto b5 alocado ao Foco f1 por 2.00h (dist: 3.00h).
Dia 2: Posto b5 alocado ao Foco f1 por 2.00h (dist: 0.00h).
Dia 2: Posto b5 alocado ao Foco f1 por 2.00h (dist: 0.00h).
Dia 2: Posto b5 alocado ao Foco f1 por 2.00h (dist: 0.00h).
Dia 2: Posto b5 alocado ao Foco f1 por 1.00h (dist: 0.00h).
Dia 2: Posto b3 alocado ao Foco f1 por 2.00h (dist: 4.00h).
Dia 2: Posto b3 alocado ao Foco f1 por 2.00h (dist: 0.00h).
Dia 2: Posto b3 alocado ao Foco f1 por 2.00h (dist: 0.00h).
Dia 2: Posto b3 alocado ao Foco f1 por 2.00h (dist: 0.00h).
Dia 2: Posto b4 alocado ao Foco f1 por 2.00h (dist: 4.00h).
Dia 2: Posto b4 alocado ao Foco f1 por 2.00h (dist: 0.00h).
Dia 2: Posto b4 alocado ao Foco f1 por 2.00h (dist: 0.00h).
Dia 2: Posto b4 alocado ao Foco f1 por 2.00h (dist: 0.00h).
Foco f1 cresceu para 90.82 km^2
Foco f2 cresceu para 142.57 km^2
Foco f4 cresceu para 183.05 km^2
Foco f5 cresceu para 374.19 km^2

Estado dos Focos ao final do dia:
Foco f1: 90.82 km^2
Foco f2: 142.57 km^2
Foco f3: Extinto
Foco f4: 183.05 km^2
Foco f5: 374.19 km^2

--- Dia 3 ---
Dia 3: Posto b1 alocado ao Foco f1 por 2.00h (dist: 3.00h).
Dia 3: Posto b1 alocado ao Foco f1 por 2.00h (dist: 0.00h).
Dia 3: Posto b1 alocado ao Foco f1 por 2.00h (dist: 0.00h).
Dia 3: Posto b1 alocado ao Foco f1 por 2.00h (dist: 0.00h).
Dia 3: Posto b1 alocado ao Foco f1 por 1.00h (dist: 0.00h).
Dia 3: Posto b5 alocado ao Foco f1 por 2.00h (dist: 3.00h).
Dia 3: Posto b5 alocado ao Foco f1 por 2.00h (dist: 0.00h).
Dia 3: Posto b5 alocado ao Foco f1 por 2.00h (dist: 0.00h).
Dia 3: Posto b5 alocado ao Foco f1 por 2.00h (dist: 0.00h).
Dia 3: Posto b5 alocado ao Foco f1 por 1.00h (dist: 0.00h).
Dia 3: Posto b3 alocado ao Foco f1 por 2.00h (dist: 4.00h).
Dia 3: Posto b3 alocado ao Foco f1 por 2.00h (dist: 0.00h).
Dia 3: Posto b3 alocado ao Foco f1 por 2.00h (dist: 0.00h).
Dia 3: Posto b3 alocado ao Foco f1 por 2.00h (dist: 0.00h).
Dia 3: Posto b4 alocado ao Foco f1 por 2.00h (dist: 4.00h).
Dia 3: Posto b4 alocado ao Foco f1 por 2.00h (dist: 0.00h).
Dia 3: Posto b4 alocado ao Foco f1 por 2.00h (dist: 0.00h).
Dia 3: Posto b4 alocado ao Foco f1 por 2.00h (dist: 0.00h).
Foco f2 cresceu para 155.40 km^2
Foco f4 cresceu para 236.14 km^2
Foco f5 cresceu para 475.22 km^2

Estado dos Focos ao final do dia:
Foco f1: Extinto
Foco f2: 155.40 km^2
Foco f3: Extinto
Foco f4: 236.14 km^2
Foco f5: 475.22 km^2

--- Dia 4 ---
Dia 4: Posto b3 alocado ao Foco f4 por 2.00h (dist: 3.00h).
Dia 4: Posto b3 alocado ao Foco f4 por 2.00h (dist: 0.00h).
Dia 4: Posto b3 alocado ao Foco f4 por 2.00h (dist: 0.00h).
Dia 4: Posto b3 alocado ao Foco f4 por 2.00h (dist: 0.00h).
Dia 4: Posto b3 alocado ao Foco f4 por 1.00h (dist: 0.00h).
Dia 4: Posto b1 alocado ao Foco f4 por 2.00h (dist: 3.00h).
Dia 4: Posto b1 alocado ao Foco f4 por 2.00h (dist: 0.00h).
Dia 4: Posto b1 alocado ao Foco f4 por 2.00h (dist: 0.00h).
Dia 4: Posto b1 alocado ao Foco f4 por 2.00h (dist: 0.00h).
Dia 4: Posto b1 alocado ao Foco f4 por 1.00h (dist: 0.00h).
Dia 4: Posto b5 alocado ao Foco f4 por 2.00h (dist: 3.00h).
Dia 4: Posto b5 alocado ao Foco f4 por 2.00h (dist: 0.00h).
Dia 4: Posto b5 alocado ao Foco f4 por 2.00h (dist: 0.00h).
Dia 4: Posto b5 alocado ao Foco f4 por 2.00h (dist: 0.00h).
Dia 4: Posto b5 alocado ao Foco f4 por 1.00h (dist: 0.00h).
Dia 4: Posto b4 alocado ao Foco f4 por 2.00h (dist: 5.00h).
Dia 4: Posto b4 alocado ao Foco f4 por 2.00h (dist: 0.00h).
Dia 4: Posto b4 alocado ao Foco f4 por 2.00h (dist: 0.00h).
Dia 4: Posto b4 alocado ao Foco f4 por 1.00h (dist: 0.00h).
Foco f2 cresceu para 169.39 km^2
Foco f5 cresceu para 603.54 km^2

Estado dos Focos ao final do dia:
Foco f1: Extinto
Foco f2: 169.39 km^2
Foco f3: Extinto
Foco f4: Extinto
Foco f5: 603.54 km^2

--- Dia 5 ---
Dia 5: Posto b3 alocado ao Foco f5 por 2.00h (dist: 4.00h).
Dia 5: Posto b3 alocado ao Foco f5 por 2.00h (dist: 0.00h).
Dia 5: Posto b3 alocado ao Foco f5 por 2.00h (dist: 0.00h).
Dia 5: Posto b3 alocado ao Foco f5 por 2.00h (dist: 0.00h).
Dia 5: Posto b1 alocado ao Foco f5 por 2.00h (dist: 4.00h).
Dia 5: Posto b1 alocado ao Foco f5 por 2.00h (dist: 0.00h).
Dia 5: Posto b1 alocado ao Foco f5 por 2.00h (dist: 0.00h).
Dia 5: Posto b1 alocado ao Foco f5 por 2.00h (dist: 0.00h).
Dia 5: Posto b5 alocado ao Foco f5 por 2.00h (dist: 4.00h).
Dia 5: Posto b5 alocado ao Foco f5 por 2.00h (dist: 0.00h).
Dia 5: Posto b5 alocado ao Foco f5 por 2.00h (dist: 0.00h).
Dia 5: Posto b5 alocado ao Foco f5 por 2.00h (dist: 0.00h).
Foco f2 cresceu para 184.63 km^2
Foco f5 cresceu para 502.33 km^2

Estado dos Focos ao final do dia:
Foco f1: Extinto
Foco f2: 184.63 km^2
Foco f3: Extinto
Foco f4: Extinto
Foco f5: 502.33 km^2

--- Dia 6 ---
Dia 6: Posto b3 alocado ao Foco f5 por 2.00h (dist: 4.00h).
Dia 6: Posto b3 alocado ao Foco f5 por 2.00h (dist: 0.00h).
Dia 6: Posto b3 alocado ao Foco f5 por 2.00h (dist: 0.00h).
Dia 6: Posto b3 alocado ao Foco f5 por 2.00h (dist: 0.00h).
Dia 6: Posto b1 alocado ao Foco f5 por 2.00h (dist: 4.00h).
Dia 6: Posto b1 alocado ao Foco f5 por 2.00h (dist: 0.00h).
Dia 6: Posto b1 alocado ao Foco f5 por 2.00h (dist: 0.00h).
Dia 6: Posto b1 alocado ao Foco f5 por 2.00h (dist: 0.00h).
Dia 6: Posto b5 alocado ao Foco f5 por 2.00h (dist: 4.00h).
Dia 6: Posto b5 alocado ao Foco f5 por 2.00h (dist: 0.00h).
Dia 6: Posto b5 alocado ao Foco f5 por 2.00h (dist: 0.00h).
Dia 6: Posto b5 alocado ao Foco f5 por 2.00h (dist: 0.00h).
Foco f2 cresceu para 201.25 km^2
Foco f5 cresceu para 373.80 km^2

Estado dos Focos ao final do dia:
Foco f1: Extinto
Foco f2: 201.25 km^2
Foco f3: Extinto
Foco f4: Extinto
Foco f5: 373.80 km^2

--- Dia 7 ---
Dia 7: Posto b3 alocado ao Foco f5 por 2.00h (dist: 4.00h).
Dia 7: Posto b3 alocado ao Foco f5 por 2.00h (dist: 0.00h).
Dia 7: Posto b3 alocado ao Foco f5 por 2.00h (dist: 0.00h).
Dia 7: Posto b3 alocado ao Foco f5 por 2.00h (dist: 0.00h).
Dia 7: Posto b1 alocado ao Foco f5 por 2.00h (dist: 4.00h).
Dia 7: Posto b1 alocado ao Foco f5 por 2.00h (dist: 0.00h).
Dia 7: Posto b1 alocado ao Foco f5 por 2.00h (dist: 0.00h).
Dia 7: Posto b1 alocado ao Foco f5 por 2.00h (dist: 0.00h).
Dia 7: Posto b5 alocado ao Foco f5 por 2.00h (dist: 4.00h).
Dia 7: Posto b5 alocado ao Foco f5 por 2.00h (dist: 0.00h).
Dia 7: Posto b5 alocado ao Foco f5 por 2.00h (dist: 0.00h).
Dia 7: Posto b5 alocado ao Foco f5 por 2.00h (dist: 0.00h).
Foco f2 cresceu para 219.36 km^2
Foco f5 cresceu para 210.57 km^2

Estado dos Focos ao final do dia:
Foco f1: Extinto
Foco f2: 219.36 km^2
Foco f3: Extinto
Foco f4: Extinto
Foco f5: 210.57 km^2

--- Dia 8 ---
Dia 8: Posto b3 alocado ao Foco f5 por 2.00h (dist: 4.00h).
Dia 8: Posto b3 alocado ao Foco f5 por 2.00h (dist: 0.00h).
Dia 8: Posto b3 alocado ao Foco f5 por 2.00h (dist: 0.00h).
Dia 8: Posto b3 alocado ao Foco f5 por 2.00h (dist: 0.00h).
Dia 8: Posto b1 alocado ao Foco f5 por 2.00h (dist: 4.00h).
Dia 8: Posto b1 alocado ao Foco f5 por 2.00h (dist: 0.00h).
Dia 8: Posto b1 alocado ao Foco f5 por 2.00h (dist: 0.00h).
Dia 8: Posto b1 alocado ao Foco f5 por 2.00h (dist: 0.00h).
Dia 8: Posto b5 alocado ao Foco f5 por 2.00h (dist: 4.00h).
Dia 8: Posto b5 alocado ao Foco f5 por 2.00h (dist: 0.00h).
Dia 8: Posto b5 alocado ao Foco f5 por 2.00h (dist: 0.00h).
Dia 8: Posto b5 alocado ao Foco f5 por 2.00h (dist: 0.00h).
Foco f2 cresceu para 239.11 km^2
Foco f5 cresceu para 3.26 km^2

Estado dos Focos ao final do dia:
Foco f1: Extinto
Foco f2: 239.11 km^2
Foco f3: Extinto
Foco f4: Extinto
Foco f5: 3.26 km^2

--- Dia 9 ---
Dia 9: Posto b3 alocado ao Foco f5 por 2.00h (dist: 4.00h).
Dia 9: Posto b3 alocado ao Foco f5 por 2.00h (dist: 0.00h).
Dia 9: Posto b3 alocado ao Foco f5 por 2.00h (dist: 0.00h).
Dia 9: Posto b1 alocado ao Foco f5 por 2.00h (dist: 4.00h).
Dia 9: Posto b1 alocado ao Foco f5 por 2.00h (dist: 0.00h).
Dia 9: Posto b1 alocado ao Foco f5 por 2.00h (dist: 0.00h).
Dia 9: Posto b3 alocado ao Foco f5 por 2.00h (dist: 0.00h).
Dia 9: Posto b1 alocado ao Foco f5 por 2.00h (dist: 0.00h).
Dia 9: Posto b5 alocado ao Foco f5 por 2.00h (dist: 4.00h).
Dia 9: Posto b5 alocado ao Foco f5 por 2.00h (dist: 0.00h).
Dia 9: Posto b5 alocado ao Foco f5 por 2.00h (dist: 0.00h).
Dia 9: Posto b5 alocado ao Foco f5 por 2.00h (dist: 0.00h).
Foco f2 cresceu para 260.63 km^2

Estado dos Focos ao final do dia:
Foco f1: Extinto
Foco f2: 260.63 km^2
Foco f3: Extinto
Foco f4: Extinto
Foco f5: Extinto

--- Dia 10 ---
Foco f2 cresceu para 284.08 km^2

Estado dos Focos ao final do dia:
Foco f1: Extinto
Foco f2: 284.08 km^2
Foco f3: Extinto
Foco f4: Extinto
Foco f5: Extinto

--- Dia 11 ---
Foco f2 cresceu para 309.65 km^2

Estado dos Focos ao final do dia:
Foco f1: Extinto
Foco f2: 309.65 km^2
Foco f3: Extinto
Foco f4: Extinto
Foco f5: Extinto

--- Dia 12 ---
Foco f2 cresceu para 337.52 km^2

Estado dos Focos ao final do dia:
Foco f1: Extinto
Foco f2: 337.52 km^2
Foco f3: Extinto
Foco f4: Extinto
Foco f5: Extinto

--- Dia 13 ---
Foco f2 cresceu para 367.90 km^2

Estado dos Focos ao final do dia:
Foco f1: Extinto
Foco f2: 367.90 km^2
Foco f3: Extinto
Foco f4: Extinto
Foco f5: Extinto

--- Dia 14 ---
Foco f2 cresceu para 401.01 km^2

Estado dos Focos ao final do dia:
Foco f1: Extinto
Foco f2: 401.01 km^2
Foco f3: Extinto
Foco f4: Extinto
Foco f5: Extinto

--- Dia 15 ---
Foco f2 cresceu para 437.10 km^2

Estado dos Focos ao final do dia:
Foco f1: Extinto
Foco f2: 437.10 km^2
Foco f3: Extinto
Foco f4: Extinto
Foco f5: Extinto

--- Dia 16 ---
Foco f2 cresceu para 476.44 km^2

Estado dos Focos ao final do dia:
Foco f1: Extinto
Foco f2: 476.44 km^2
Foco f3: Extinto
Foco f4: Extinto
Foco f5: Extinto

--- Dia 17 ---
Foco f2 cresceu para 519.32 km^2

Estado dos Focos ao final do dia:
Foco f1: Extinto
Foco f2: 519.32 km^2
Foco f3: Extinto
Foco f4: Extinto
Foco f5: Extinto

--- Dia 18 ---
Foco f2 cresceu para 566.05 km^2

Estado dos Focos ao final do dia:
Foco f1: Extinto
Foco f2: 566.05 km^2
Foco f3: Extinto
Foco f4: Extinto
Foco f5: Extinto

--- Dia 19 ---
Foco f2 cresceu para 617.00 km^2

Estado dos Focos ao final do dia:
Foco f1: Extinto
Foco f2: 617.00 km^2
Foco f3: Extinto
Foco f4: Extinto
Foco f5: Extinto

--- Dia 20 ---
Foco f2 cresceu para 672.53 km^2

Estado dos Focos ao final do dia:
Foco f1: Extinto
Foco f2: 672.53 km^2
Foco f3: Extinto
Foco f4: Extinto
Foco f5: Extinto

--- Dia 21 ---
Foco f2 cresceu para 733.06 km^2

Estado dos Focos ao final do dia:
Foco f1: Extinto
Foco f2: 733.06 km^2
Foco f3: Extinto
Foco f4: Extinto
Foco f5: Extinto

--- Dia 22 ---
Foco f2 cresceu para 799.03 km^2

Estado dos Focos ao final do dia:
Foco f1: Extinto
Foco f2: 799.03 km^2
Foco f3: Extinto
Foco f4: Extinto
Foco f5: Extinto

--- Dia 23 ---
Foco f2 cresceu para 870.94 km^2

Estado dos Focos ao final do dia:
Foco f1: Extinto
Foco f2: 870.94 km^2
Foco f3: Extinto
Foco f4: Extinto
Foco f5: Extinto

--- Dia 24 ---
Foco f2 cresceu para 949.33 km^2

Estado dos Focos ao final do dia:
Foco f1: Extinto
Foco f2: 949.33 km^2
Foco f3: Extinto
Foco f4: Extinto
Foco f5: Extinto

--- Dia 25 ---
Foco f2 cresceu para 1034.77 km^2

Estado dos Focos ao final do dia:
Foco f1: Extinto
Foco f2: 1034.77 km^2
Foco f3: Extinto
Foco f4: Extinto
Foco f5: Extinto

--- Dia 26 ---
Foco f2 cresceu para 1127.90 km^2

Estado dos Focos ao final do dia:
Foco f1: Extinto
Foco f2: 1127.90 km^2
Foco f3: Extinto
Foco f4: Extinto
Foco f5: Extinto

--- Dia 27 ---
Foco f2 cresceu para 1229.41 km^2

Estado dos Focos ao final do dia:
Foco f1: Extinto
Foco f2: 1229.41 km^2
Foco f3: Extinto
Foco f4: Extinto
Foco f5: Extinto

--- Dia 28 ---
Foco f2 cresceu para 1340.06 km^2

Estado dos Focos ao final do dia:
Foco f1: Extinto
Foco f2: 1340.06 km^2
Foco f3: Extinto
Foco f4: Extinto
Foco f5: Extinto

--- Dia 29 ---
Foco f2 cresceu para 1460.66 km^2

Estado dos Focos ao final do dia:
Foco f1: Extinto
Foco f2: 1460.66 km^2
Foco f3: Extinto
Foco f4: Extinto
Foco f5: Extinto

--- Dia 30 ---
Foco f2 cresceu para 1592.12 km^2

Estado dos Focos ao final do dia:
Foco f1: Extinto
Foco f2: 1592.12 km^2
Foco f3: Extinto
Foco f4: Extinto
Foco f5: Extinto

--- Dia 31 ---
Foco f2 cresceu para 1735.41 km^2

Estado dos Focos ao final do dia:
Foco f1: Extinto
Foco f2: 1735.41 km^2
Foco f3: Extinto
Foco f4: Extinto
Foco f5: Extinto

--- Dia 32 ---
Foco f2 cresceu para 1891.60 km^2

Estado dos Focos ao final do dia:
Foco f1: Extinto
Foco f2: 1891.60 km^2
Foco f3: Extinto
Foco f4: Extinto
Foco f5: Extinto

--- Dia 33 ---
Foco f2 cresceu para 2061.84 km^2

Estado dos Focos ao final do dia:
Foco f1: Extinto
Foco f2: 2061.84 km^2
Foco f3: Extinto
Foco f4: Extinto
Foco f5: Extinto

--- Dia 34 ---
Foco f2 cresceu para 2247.41 km^2

Estado dos Focos ao final do dia:
Foco f1: Extinto
Foco f2: 2247.41 km^2
Foco f3: Extinto
Foco f4: Extinto
Foco f5: Extinto

--- Dia 35 ---
Foco f2 cresceu para 2449.68 km^2

Estado dos Focos ao final do dia:
Foco f1: Extinto
Foco f2: 2449.68 km^2
Foco f3: Extinto
Foco f4: Extinto
Foco f5: Extinto

--- Dia 36 ---
Foco f2 cresceu para 2670.15 km^2

Estado dos Focos ao final do dia:
Foco f1: Extinto
Foco f2: 2670.15 km^2
Foco f3: Extinto
Foco f4: Extinto
Foco f5: Extinto

--- Dia 37 ---
Foco f2 cresceu para 2910.46 km^2

Estado dos Focos ao final do dia:
Foco f1: Extinto
Foco f2: 2910.46 km^2
Foco f3: Extinto
Foco f4: Extinto
Foco f5: Extinto

--- Dia 38 ---
Foco f2 cresceu para 3172.40 km^2

Estado dos Focos ao final do dia:
Foco f1: Extinto
Foco f2: 3172.40 km^2
Foco f3: Extinto
Foco f4: Extinto
Foco f5: Extinto

--- Dia 39 ---
Foco f2 cresceu para 3457.92 km^2

Estado dos Focos ao final do dia:
Foco f1: Extinto
Foco f2: 3457.92 km^2
Foco f3: Extinto
Foco f4: Extinto
Foco f5: Extinto

--- Dia 40 ---
Foco f2 cresceu para 3769.13 km^2

Estado dos Focos ao final do dia:
Foco f1: Extinto
Foco f2: 3769.13 km^2
Foco f3: Extinto
Foco f4: Extinto
Foco f5: Extinto

--- Dia 41 ---
Foco f2 cresceu para 4108.35 km^2

Estado dos Focos ao final do dia:
Foco f1: Extinto
Foco f2: 4108.35 km^2
Foco f3: Extinto
Foco f4: Extinto
Foco f5: Extinto

--- Dia 42 ---
Foco f2 cresceu para 4478.10 km^2

Estado dos Focos ao final do dia:
Foco f1: Extinto
Foco f2: 4478.10 km^2
Foco f3: Extinto
Foco f4: Extinto
Foco f5: Extinto

--- Dia 43 ---
Foco f2 cresceu para 4881.13 km^2

Estado dos Focos ao final do dia:
Foco f1: Extinto
Foco f2: 4881.13 km^2
Foco f3: Extinto
Foco f4: Extinto
Foco f5: Extinto

--- Dia 44 ---
Foco f2 cresceu para 5320.44 km^2

Estado dos Focos ao final do dia:
Foco f1: Extinto
Foco f2: 5320.44 km^2
Foco f3: Extinto
Foco f4: Extinto
Foco f5: Extinto

--- Dia 45 ---
Foco f2 cresceu para 5799.27 km^2

Estado dos Focos ao final do dia:
Foco f1: Extinto
Foco f2: 5799.27 km^2
Foco f3: Extinto
Foco f4: Extinto
Foco f5: Extinto

--- Dia 46 ---
Foco f2 cresceu para 6321.21 km^2

Estado dos Focos ao final do dia:
Foco f1: Extinto
Foco f2: 6321.21 km^2
Foco f3: Extinto
Foco f4: Extinto
Foco f5: Extinto

--- Dia 47 ---
Foco f2 cresceu para 6890.12 km^2

Estado dos Focos ao final do dia:
Foco f1: Extinto
Foco f2: 6890.12 km^2
Foco f3: Extinto
Foco f4: Extinto
Foco f5: Extinto

--- Dia 48 ---
Foco f2 cresceu para 7510.23 km^2

Estado dos Focos ao final do dia:
Foco f1: Extinto
Foco f2: 7510.23 km^2
Foco f3: Extinto
Foco f4: Extinto
Foco f5: Extinto

--- Dia 49 ---
Foco f2 cresceu para 8186.15 km^2

Estado dos Focos ao final do dia:
Foco f1: Extinto
Foco f2: 8186.15 km^2
Foco f3: Extinto
Foco f4: Extinto
Foco f5: Extinto

--- Dia 50 ---
Foco f2 cresceu para 8922.90 km^2

Estado dos Focos ao final do dia:
Foco f1: Extinto
Foco f2: 8922.90 km^2
Foco f3: Extinto
Foco f4: Extinto
Foco f5: Extinto

--- Dia 51 ---
Foco f2 cresceu para 9725.96 km^2

Estado dos Focos ao final do dia:
Foco f1: Extinto
Foco f2: 9725.96 km^2
Foco f3: Extinto
Foco f4: Extinto
Foco f5: Extinto

--- Dia 52 ---
Foco f2 cresceu para 10601.30 km^2

Estado dos Focos ao final do dia:
Foco f1: Extinto
Foco f2: 10601.30 km^2
Foco f3: Extinto
Foco f4: Extinto
Foco f5: Extinto

--- Dia 53 ---
Foco f2 cresceu para 11555.42 km^2

Estado dos Focos ao final do dia:
Foco f1: Extinto
Foco f2: 11555.42 km^2
Foco f3: Extinto
Foco f4: Extinto
Foco f5: Extinto

--- Dia 54 ---
Foco f2 cresceu para 12595.40 km^2

Estado dos Focos ao final do dia:
Foco f1: Extinto
Foco f2: 12595.40 km^2
Foco f3: Extinto
Foco f4: Extinto
Foco f5: Extinto

--- Dia 55 ---
Foco f2 cresceu para 13728.99 km^2

Estado dos Focos ao final do dia:
Foco f1: Extinto
Foco f2: 13728.99 km^2
Foco f3: Extinto
Foco f4: Extinto
Foco f5: Extinto

--- Dia 56 ---
Foco f2 cresceu para 14964.60 km^2

Estado dos Focos ao final do dia:
Foco f1: Extinto
Foco f2: 14964.60 km^2
Foco f3: Extinto
Foco f4: Extinto
Foco f5: Extinto

--- Dia 57 ---
Foco f2 cresceu para 16311.41 km^2

Estado dos Focos ao final do dia:
Foco f1: Extinto
Foco f2: 16311.41 km^2
Foco f3: Extinto
Foco f4: Extinto
Foco f5: Extinto

--- Dia 58 ---
Foco f2 cresceu para 17779.44 km^2

Estado dos Focos ao final do dia:
Foco f1: Extinto
Foco f2: 17779.44 km^2
Foco f3: Extinto
Foco f4: Extinto
Foco f5: Extinto

--- Dia 59 ---
Foco f2 cresceu para 19379.59 km^2

Estado dos Focos ao final do dia:
Foco f1: Extinto
Foco f2: 19379.59 km^2
Foco f3: Extinto
Foco f4: Extinto
Foco f5: Extinto

--- Dia 60 ---
Foco f2 cresceu para 21123.76 km^2

Estado dos Focos ao final do dia:
Foco f1: Extinto
Foco f2: 21123.76 km^2
Foco f3: Extinto
Foco f4: Extinto
Foco f5: Extinto

--- Dia 61 ---
Foco f2 cresceu para 23024.89 km^2

Estado dos Focos ao final do dia:
Foco f1: Extinto
Foco f2: 23024.89 km^2
Foco f3: Extinto
Foco f4: Extinto
Foco f5: Extinto

--- Dia 62 ---
Foco f2 cresceu para 25097.13 km^2

Estado dos Focos ao final do dia:
Foco f1: Extinto
Foco f2: 25097.13 km^2
Foco f3: Extinto
Foco f4: Extinto
Foco f5: Extinto

--- Dia 63 ---
Foco f2 cresceu para 27355.88 km^2

Estado dos Focos ao final do dia:
Foco f1: Extinto
Foco f2: 27355.88 km^2
Foco f3: Extinto
Foco f4: Extinto
Foco f5: Extinto

--- Dia 64 ---
Foco f2 cresceu para 29817.90 km^2

Estado dos Focos ao final do dia:
Foco f1: Extinto
Foco f2: 29817.90 km^2
Foco f3: Extinto
Foco f4: Extinto
Foco f5: Extinto

--- Dia 65 ---
Foco f2 cresceu para 32501.52 km^2

Estado dos Focos ao final do dia:
Foco f1: Extinto
Foco f2: 32501.52 km^2
Foco f3: Extinto
Foco f4: Extinto
Foco f5: Extinto

--- Dia 66 ---
Foco f2 cresceu para 35426.65 km^2

Estado dos Focos ao final do dia:
Foco f1: Extinto
Foco f2: 35426.65 km^2
Foco f3: Extinto
Foco f4: Extinto
Foco f5: Extinto

--- Dia 67 ---
Foco f2 cresceu para 38615.05 km^2

Estado dos Focos ao final do dia:
Foco f1: Extinto
Foco f2: 38615.05 km^2
Foco f3: Extinto
Foco f4: Extinto
Foco f5: Extinto

--- Dia 68 ---
Foco f2 cresceu para 42090.41 km^2

Estado dos Focos ao final do dia:
Foco f1: Extinto
Foco f2: 42090.41 km^2
Foco f3: Extinto
Foco f4: Extinto
Foco f5: Extinto

--- Dia 69 ---
Foco f2 cresceu para 45878.54 km^2

Estado dos Focos ao final do dia:
Foco f1: Extinto
Foco f2: 45878.54 km^2
Foco f3: Extinto
Foco f4: Extinto
Foco f5: Extinto

--- Dia 70 ---
Foco f2 cresceu para 50007.61 km^2

Estado dos Focos ao final do dia:
Foco f1: Extinto
Foco f2: 50007.61 km^2
Foco f3: Extinto
Foco f4: Extinto
Foco f5: Extinto

--- Dia 71 ---
Foco f2 cresceu para 54508.30 km^2

Estado dos Focos ao final do dia:
Foco f1: Extinto
Foco f2: 54508.30 km^2
Foco f3: Extinto
Foco f4: Extinto
Foco f5: Extinto

--- Dia 72 ---
Foco f2 cresceu para 59414.04 km^2

Estado dos Focos ao final do dia:
Foco f1: Extinto
Foco f2: 59414.04 km^2
Foco f3: Extinto
Foco f4: Extinto
Foco f5: Extinto

--- Dia 73 ---
Foco f2 cresceu para 64761.31 km^2

Estado dos Focos ao final do dia:
Foco f1: Extinto
Foco f2: 64761.31 km^2
Foco f3: Extinto
Foco f4: Extinto
Foco f5: Extinto

--- Dia 74 ---
Foco f2 cresceu para 70589.82 km^2

Estado dos Focos ao final do dia:
Foco f1: Extinto
Foco f2: 70589.82 km^2
Foco f3: Extinto
Foco f4: Extinto
Foco f5: Extinto

--- Dia 75 ---
Foco f2 cresceu para 76942.91 km^2

Estado dos Focos ao final do dia:
Foco f1: Extinto
Foco f2: 76942.91 km^2
Foco f3: Extinto
Foco f4: Extinto
Foco f5: Extinto

--- Dia 76 ---
Foco f2 cresceu para 83867.77 km^2

Estado dos Focos ao final do dia:
Foco f1: Extinto
Foco f2: 83867.77 km^2
Foco f3: Extinto
Foco f4: Extinto
Foco f5: Extinto

--- Dia 77 ---
Foco f2 cresceu para 91415.87 km^2

Estado dos Focos ao final do dia:
Foco f1: Extinto
Foco f2: 91415.87 km^2
Foco f3: Extinto
Foco f4: Extinto
Foco f5: Extinto

--- Dia 78 ---
Foco f2 cresceu para 99643.30 km^2

Estado dos Focos ao final do dia:
Foco f1: Extinto
Foco f2: 99643.30 km^2
Foco f3: Extinto
Foco f4: Extinto
Foco f5: Extinto

--- Dia 79 ---
Foco f2 cresceu para 108611.19 km^2

Estado dos Focos ao final do dia:
Foco f1: Extinto
Foco f2: 108611.19 km^2
Foco f3: Extinto
Foco f4: Extinto
Foco f5: Extinto

--- Dia 80 ---
Foco f2 cresceu para 118386.20 km^2

Estado dos Focos ao final do dia:
Foco f1: Extinto
Foco f2: 118386.20 km^2
Foco f3: Extinto
Foco f4: Extinto
Foco f5: Extinto

--- Dia 81 ---
Foco f2 cresceu para 129040.96 km^2

Estado dos Focos ao final do dia:
Foco f1: Extinto
Foco f2: 129040.96 km^2
Foco f3: Extinto
Foco f4: Extinto
Foco f5: Extinto

--- Dia 82 ---
Foco f2 cresceu para 140654.64 km^2

Estado dos Focos ao final do dia:
Foco f1: Extinto
Foco f2: 140654.64 km^2
Foco f3: Extinto
Foco f4: Extinto
Foco f5: Extinto

--- Dia 83 ---
Foco f2 cresceu para 153313.56 km^2

Estado dos Focos ao final do dia:
Foco f1: Extinto
Foco f2: 153313.56 km^2
Foco f3: Extinto
Foco f4: Extinto
Foco f5: Extinto

--- Dia 84 ---
Foco f2 cresceu para 167111.78 km^2

Estado dos Focos ao final do dia:
Foco f1: Extinto
Foco f2: 167111.78 km^2
Foco f3: Extinto
Foco f4: Extinto
Foco f5: Extinto

--- Dia 85 ---
Foco f2 cresceu para 182151.84 km^2

Estado dos Focos ao final do dia:
Foco f1: Extinto
Foco f2: 182151.84 km^2
Foco f3: Extinto
Foco f4: Extinto
Foco f5: Extinto

--- Dia 86 ---
Foco f2 cresceu para 198545.51 km^2

Estado dos Focos ao final do dia:
Foco f1: Extinto
Foco f2: 198545.51 km^2
Foco f3: Extinto
Foco f4: Extinto
Foco f5: Extinto

--- Dia 87 ---
Foco f2 cresceu para 216414.61 km^2

Estado dos Focos ao final do dia:
Foco f1: Extinto
Foco f2: 216414.61 km^2
Foco f3: Extinto
Foco f4: Extinto
Foco f5: Extinto

--- Dia 88 ---
Foco f2 cresceu para 235891.92 km^2

Estado dos Focos ao final do dia:
Foco f1: Extinto
Foco f2: 235891.92 km^2
Foco f3: Extinto
Foco f4: Extinto
Foco f5: Extinto

--- Dia 89 ---
Foco f2 cresceu para 257122.19 km^2

Estado dos Focos ao final do dia:
Foco f1: Extinto
Foco f2: 257122.19 km^2
Foco f3: Extinto
Foco f4: Extinto
Foco f5: Extinto

--- Dia 90 ---
Foco f2 cresceu para 280263.19 km^2

Estado dos Focos ao final do dia:
Foco f1: Extinto
Foco f2: 280263.19 km^2
Foco f3: Extinto
Foco f4: Extinto
Foco f5: Extinto

--- Dia 91 ---
Foco f2 cresceu para 305486.88 km^2

Estado dos Focos ao final do dia:
Foco f1: Extinto
Foco f2: 305486.88 km^2
Foco f3: Extinto
Foco f4: Extinto
Foco f5: Extinto

--- Dia 92 ---
Foco f2 cresceu para 332980.70 km^2

Estado dos Focos ao final do dia:
Foco f1: Extinto
Foco f2: 332980.70 km^2
Foco f3: Extinto
Foco f4: Extinto
Foco f5: Extinto

--- Dia 93 ---
Foco f2 cresceu para 362948.96 km^2

Estado dos Focos ao final do dia:
Foco f1: Extinto
Foco f2: 362948.96 km^2
Foco f3: Extinto
Foco f4: Extinto
Foco f5: Extinto

--- Dia 94 ---
Foco f2 cresceu para 395614.36 km^2

Estado dos Focos ao final do dia:
Foco f1: Extinto
Foco f2: 395614.36 km^2
Foco f3: Extinto
Foco f4: Extinto
Foco f5: Extinto

--- Dia 95 ---
Foco f2 cresceu para 431219.66 km^2

Estado dos Focos ao final do dia:
Foco f1: Extinto
Foco f2: 431219.66 km^2
Foco f3: Extinto
Foco f4: Extinto
Foco f5: Extinto

--- Dia 96 ---
Foco f2 cresceu para 470029.43 km^2

Estado dos Focos ao final do dia:
Foco f1: Extinto
Foco f2: 470029.43 km^2
Foco f3: Extinto
Foco f4: Extinto
Foco f5: Extinto

--- Dia 97 ---
Foco f2 cresceu para 512332.08 km^2

Estado dos Focos ao final do dia:
Foco f1: Extinto
Foco f2: 512332.08 km^2
Foco f3: Extinto
Foco f4: Extinto
Foco f5: Extinto

--- Dia 98 ---
Foco f2 cresceu para 558441.96 km^2

Estado dos Focos ao final do dia:
Foco f1: Extinto
Foco f2: 558441.96 km^2
Foco f3: Extinto
Foco f4: Extinto
Foco f5: Extinto

--- Dia 99 ---
Foco f2 cresceu para 608701.74 km^2

Estado dos Focos ao final do dia:
Foco f1: Extinto
Foco f2: 608701.74 km^2
Foco f3: Extinto
Foco f4: Extinto
Foco f5: Extinto

--- Dia 100 ---
Foco f2 cresceu para 663484.90 km^2

Estado dos Focos ao final do dia:
Foco f1: Extinto
Foco f2: 663484.90 km^2
Foco f3: Extinto
Foco f4: Extinto
Foco f5: Extinto

--- Relatorio Final ---
Foco f1 extinto no Dia 3.
Foco f2 nao extinto. Area restante: 663484.90 km^2.
Foco f3 extinto no Dia 1.
Foco f4 extinto no Dia 4.
Foco f5 extinto no Dia 9.
Nao foi possivel extinguir todos os focos com os recursos disponiveis.